[2026-04-24T12:23:48] START TASK-J002-003: Player invocation
[2026-04-24T12:24:48] SNAPSHOT TASK-J002-003: elapsed=60s, phase=Player invocation, files_changed=0, last_tool=Read
[2026-04-24T12:25:48] SNAPSHOT TASK-J002-003: elapsed=120s, phase=Player invocation, files_changed=1, last_tool=TodoWrite
[2026-04-24T12:26:48] SNAPSHOT TASK-J002-003: elapsed=180s, phase=Player invocation, files_changed=2, last_tool=TodoWrite
[2026-04-24T12:27:48] SNAPSHOT TASK-J002-003: elapsed=240s, phase=Player invocation, files_changed=2, last_tool=Bash
[2026-04-24T12:28:33] COMPLETE TASK-J002-003: elapsed=290s, decision=approved, snapshots=4
[2026-04-24T18:28:15] START TASK-J002-003: Player invocation
[2026-04-24T18:29:15] SNAPSHOT TASK-J002-003: elapsed=60s, phase=Player invocation, files_changed=0, last_tool=Read
[2026-04-24T18:30:15] SNAPSHOT TASK-J002-003: elapsed=120s, phase=Player invocation, files_changed=1, last_tool=Write
[2026-04-24T18:31:15] SNAPSHOT TASK-J002-003: elapsed=180s, phase=Player invocation, files_changed=2, last_tool=Bash
[2026-04-24T18:32:15] SNAPSHOT TASK-J002-003: elapsed=240s, phase=Player invocation, files_changed=2, last_tool=Bash
[2026-04-24T18:33:00] COMPLETE TASK-J002-003: elapsed=289s, decision=approved, snapshots=4
[2026-04-24T20:32:30] START TASK-J002-003: Player invocation
[2026-04-24T20:33:30] SNAPSHOT TASK-J002-003: elapsed=60s, phase=Player invocation, files_changed=0, last_tool=Read
[2026-04-24T20:34:30] SNAPSHOT TASK-J002-003: elapsed=120s, phase=Player invocation, files_changed=0, last_tool=Bash
[2026-04-24T20:35:30] SNAPSHOT TASK-J002-003: elapsed=180s, phase=Player invocation, files_changed=0, last_tool=Bash
[2026-04-24T20:36:30] SNAPSHOT TASK-J002-003: elapsed=240s, phase=Player invocation, files_changed=1, last_tool=Bash
[2026-04-24T20:37:30] SNAPSHOT TASK-J002-003: elapsed=300s, phase=Player invocation, files_changed=2, last_tool=Bash
[2026-04-24T20:38:30] SNAPSHOT TASK-J002-003: elapsed=360s, phase=Player invocation, files_changed=2, last_tool=Bash
[2026-04-24T20:39:21] COMPLETE TASK-J002-003: elapsed=415s, decision=approved, snapshots=6
[2026-04-25T16:18:51] START TASK-J002-003: Player invocation
[2026-04-25T16:19:51] SNAPSHOT TASK-J002-003: elapsed=60s, phase=Player invocation, files_changed=0, last_tool=Read
[2026-04-25T16:20:51] SNAPSHOT TASK-J002-003: elapsed=120s, phase=Player invocation, files_changed=1, last_tool=Write
[2026-04-25T16:21:51] SNAPSHOT TASK-J002-003: elapsed=180s, phase=Player invocation, files_changed=2, last_tool=Bash
[2026-04-25T16:22:51] SNAPSHOT TASK-J002-003: elapsed=240s, phase=Player invocation, files_changed=2, last_tool=Read
[2026-04-25T16:23:51] SNAPSHOT TASK-J002-003: elapsed=300s, phase=Player invocation, files_changed=4, last_tool=Bash
[2026-04-25T16:24:51] SNAPSHOT TASK-J002-003: elapsed=360s, phase=Player invocation, files_changed=4, last_tool=Bash
[2026-04-25T16:25:28] COMPLETE TASK-J002-003: elapsed=401s, decision=approved, snapshots=6
