[2026-04-24T12:30:15] START TASK-J002-006: Player invocation
[2026-04-24T12:31:15] SNAPSHOT TASK-J002-006: elapsed=60s, phase=Player invocation, files_changed=0, last_tool=Bash
[2026-04-24T12:32:15] SNAPSHOT TASK-J002-006: elapsed=120s, phase=Player invocation, files_changed=0, last_tool=TodoWrite
[2026-04-24T12:33:15] SNAPSHOT TASK-J002-006: elapsed=180s, phase=Player invocation, files_changed=3, last_tool=TodoWrite
[2026-04-24T12:34:15] SNAPSHOT TASK-J002-006: elapsed=240s, phase=Player invocation, files_changed=5, last_tool=Edit
[2026-04-24T12:35:15] SNAPSHOT TASK-J002-006: elapsed=300s, phase=Player invocation, files_changed=6, last_tool=Bash
[2026-04-24T12:36:15] SNAPSHOT TASK-J002-006: elapsed=360s, phase=Player invocation, files_changed=7, last_tool=Write
[2026-04-24T12:36:58] COMPLETE TASK-J002-006: elapsed=408s, decision=approved, snapshots=6
[2026-04-24T18:35:37] START TASK-J002-006: Player invocation
[2026-04-24T18:36:37] SNAPSHOT TASK-J002-006: elapsed=60s, phase=Player invocation, files_changed=0, last_tool=Bash
[2026-04-24T18:37:37] SNAPSHOT TASK-J002-006: elapsed=120s, phase=Player invocation, files_changed=3, last_tool=Write
[2026-04-24T18:38:37] SNAPSHOT TASK-J002-006: elapsed=180s, phase=Player invocation, files_changed=4, last_tool=Bash
[2026-04-24T18:39:10] COMPLETE TASK-J002-006: elapsed=216s, decision=approved, snapshots=3
[2026-04-24T20:51:47] START TASK-J002-006: Player invocation
[2026-04-24T20:52:47] SNAPSHOT TASK-J002-006: elapsed=60s, phase=Player invocation, files_changed=1, last_tool=Edit
[2026-04-24T20:53:47] SNAPSHOT TASK-J002-006: elapsed=120s, phase=Player invocation, files_changed=2, last_tool=Read
[2026-04-24T20:54:47] SNAPSHOT TASK-J002-006: elapsed=180s, phase=Player invocation, files_changed=6, last_tool=Bash
[2026-04-24T20:55:47] SNAPSHOT TASK-J002-006: elapsed=240s, phase=Player invocation, files_changed=6, last_tool=Bash
[2026-04-24T20:56:11] COMPLETE TASK-J002-006: elapsed=266s, decision=approved, snapshots=4
[2026-04-25T16:27:12] START TASK-J002-006: Player invocation
[2026-04-25T16:28:12] SNAPSHOT TASK-J002-006: elapsed=60s, phase=Player invocation, files_changed=1, last_tool=Edit
[2026-04-25T16:29:12] SNAPSHOT TASK-J002-006: elapsed=120s, phase=Player invocation, files_changed=3, last_tool=Write
[2026-04-25T16:30:12] SNAPSHOT TASK-J002-006: elapsed=180s, phase=Player invocation, files_changed=5, last_tool=Bash
[2026-04-25T16:30:49] COMPLETE TASK-J002-006: elapsed=221s, decision=approved, snapshots=3
