[2026-04-24T12:30:13] START TASK-J002-016: Player invocation
[2026-04-24T12:31:13] SNAPSHOT TASK-J002-016: elapsed=60s, phase=Player invocation, files_changed=0, last_tool=Bash
[2026-04-24T12:32:13] SNAPSHOT TASK-J002-016: elapsed=120s, phase=Player invocation, files_changed=0, last_tool=Bash
[2026-04-24T12:33:13] SNAPSHOT TASK-J002-016: elapsed=180s, phase=Player invocation, files_changed=1, last_tool=Edit
[2026-04-24T12:34:13] SNAPSHOT TASK-J002-016: elapsed=240s, phase=Player invocation, files_changed=5, last_tool=Edit
[2026-04-24T12:35:13] SNAPSHOT TASK-J002-016: elapsed=300s, phase=Player invocation, files_changed=6, last_tool=Write
[2026-04-24T12:36:13] SNAPSHOT TASK-J002-016: elapsed=360s, phase=Player invocation, files_changed=6, last_tool=Bash
[2026-04-24T12:37:13] SNAPSHOT TASK-J002-016: elapsed=420s, phase=Player invocation, files_changed=6, last_tool=Bash
[2026-04-24T12:38:13] SNAPSHOT TASK-J002-016: elapsed=480s, phase=Player invocation, files_changed=6, last_tool=TodoWrite
[2026-04-24T12:39:13] SNAPSHOT TASK-J002-016: elapsed=540s, phase=Player invocation, files_changed=7, last_tool=TodoWrite
[2026-04-24T12:39:31] COMPLETE TASK-J002-016: elapsed=561s, decision=approved, snapshots=9
[2026-04-24T18:35:37] START TASK-J002-016: Player invocation
[2026-04-24T18:36:37] SNAPSHOT TASK-J002-016: elapsed=60s, phase=Player invocation, files_changed=0, last_tool=Bash
[2026-04-24T18:37:37] SNAPSHOT TASK-J002-016: elapsed=120s, phase=Player invocation, files_changed=2, last_tool=Edit
[2026-04-24T18:38:37] SNAPSHOT TASK-J002-016: elapsed=180s, phase=Player invocation, files_changed=6, last_tool=Read
[2026-04-24T18:39:37] SNAPSHOT TASK-J002-016: elapsed=240s, phase=Player invocation, files_changed=6, last_tool=Bash
[2026-04-24T18:40:37] SNAPSHOT TASK-J002-016: elapsed=300s, phase=Player invocation, files_changed=6, last_tool=Bash
[2026-04-24T18:41:37] SNAPSHOT TASK-J002-016: elapsed=360s, phase=Player invocation, files_changed=6, last_tool=Bash
[2026-04-24T18:42:20] COMPLETE TASK-J002-016: elapsed=406s, decision=approved, snapshots=6
[2026-04-24T20:51:48] START TASK-J002-016: Player invocation
[2026-04-24T20:52:48] SNAPSHOT TASK-J002-016: elapsed=60s, phase=Player invocation, files_changed=0, last_tool=Read
[2026-04-24T20:53:48] SNAPSHOT TASK-J002-016: elapsed=120s, phase=Player invocation, files_changed=2, last_tool=Edit
[2026-04-24T20:54:48] SNAPSHOT TASK-J002-016: elapsed=180s, phase=Player invocation, files_changed=3, last_tool=Grep
[2026-04-24T20:55:48] SNAPSHOT TASK-J002-016: elapsed=240s, phase=Player invocation, files_changed=6, last_tool=Bash
[2026-04-24T20:56:48] SNAPSHOT TASK-J002-016: elapsed=300s, phase=Player invocation, files_changed=6, last_tool=Bash
[2026-04-24T20:57:48] SNAPSHOT TASK-J002-016: elapsed=360s, phase=Player invocation, files_changed=7, last_tool=Write
[2026-04-24T20:58:12] COMPLETE TASK-J002-016: elapsed=388s, decision=approved, snapshots=6
[2026-04-25T16:27:12] START TASK-J002-016: Player invocation
[2026-04-25T16:28:12] SNAPSHOT TASK-J002-016: elapsed=60s, phase=Player invocation, files_changed=0, last_tool=Grep
[2026-04-25T16:29:12] SNAPSHOT TASK-J002-016: elapsed=120s, phase=Player invocation, files_changed=0, last_tool=Read
[2026-04-25T16:30:12] SNAPSHOT TASK-J002-016: elapsed=180s, phase=Player invocation, files_changed=2, last_tool=Edit
[2026-04-25T16:31:12] SNAPSHOT TASK-J002-016: elapsed=240s, phase=Player invocation, files_changed=5, last_tool=Edit
[2026-04-25T16:32:12] SNAPSHOT TASK-J002-016: elapsed=300s, phase=Player invocation, files_changed=6, last_tool=Bash
[2026-04-25T16:33:04] COMPLETE TASK-J002-016: elapsed=355s, decision=approved, snapshots=5
