[2026-04-24T12:30:15] START TASK-J002-009: task-work implementation
[2026-04-24T12:31:15] SNAPSHOT TASK-J002-009: elapsed=60s, phase=task-work implementation, files_changed=0, last_tool=Read
[2026-04-24T12:32:15] SNAPSHOT TASK-J002-009: elapsed=120s, phase=task-work implementation, files_changed=0, last_tool=Glob
[2026-04-24T12:33:15] SNAPSHOT TASK-J002-009: elapsed=180s, phase=task-work implementation, files_changed=0, last_tool=Glob
[2026-04-24T12:34:15] SNAPSHOT TASK-J002-009: elapsed=240s, phase=task-work implementation, files_changed=2, last_tool=Bash
[2026-04-24T12:35:15] SNAPSHOT TASK-J002-009: elapsed=300s, phase=task-work implementation, files_changed=4, last_tool=Read
[2026-04-24T12:36:15] SNAPSHOT TASK-J002-009: elapsed=360s, phase=task-work implementation, files_changed=7, last_tool=Edit
[2026-04-24T12:37:15] SNAPSHOT TASK-J002-009: elapsed=420s, phase=task-work implementation, files_changed=8, last_tool=Bash
[2026-04-24T12:38:15] SNAPSHOT TASK-J002-009: elapsed=480s, phase=task-work implementation, files_changed=8, last_tool=Read
[2026-04-24T12:39:15] SNAPSHOT TASK-J002-009: elapsed=540s, phase=task-work implementation, files_changed=11, last_tool=Bash
[2026-04-24T12:40:15] SNAPSHOT TASK-J002-009: elapsed=600s, phase=task-work implementation, files_changed=11, last_tool=Bash
[2026-04-24T12:41:15] SNAPSHOT TASK-J002-009: elapsed=660s, phase=task-work implementation, files_changed=11, last_tool=Bash
[2026-04-24T12:42:04] COMPLETE TASK-J002-009: elapsed=713s, decision=approved, snapshots=11
[2026-04-24T18:35:37] START TASK-J002-009: task-work implementation
[2026-04-24T18:36:37] SNAPSHOT TASK-J002-009: elapsed=60s, phase=task-work implementation, files_changed=0, last_tool=Read
[2026-04-24T18:37:37] SNAPSHOT TASK-J002-009: elapsed=120s, phase=task-work implementation, files_changed=0, last_tool=Read
[2026-04-24T18:38:37] SNAPSHOT TASK-J002-009: elapsed=180s, phase=task-work implementation, files_changed=0, last_tool=Read
[2026-04-24T18:39:37] SNAPSHOT TASK-J002-009: elapsed=240s, phase=task-work implementation, files_changed=0, last_tool=Read
[2026-04-24T18:40:37] SNAPSHOT TASK-J002-009: elapsed=300s, phase=task-work implementation, files_changed=0, last_tool=TodoWrite
[2026-04-24T18:41:37] SNAPSHOT TASK-J002-009: elapsed=360s, phase=task-work implementation, files_changed=1, last_tool=Read
[2026-04-24T18:42:37] SNAPSHOT TASK-J002-009: elapsed=420s, phase=task-work implementation, files_changed=4, last_tool=Edit
[2026-04-24T18:43:37] SNAPSHOT TASK-J002-009: elapsed=480s, phase=task-work implementation, files_changed=5, last_tool=Read
[2026-04-24T18:44:37] SNAPSHOT TASK-J002-009: elapsed=540s, phase=task-work implementation, files_changed=6, last_tool=Edit
[2026-04-24T18:45:37] SNAPSHOT TASK-J002-009: elapsed=600s, phase=task-work implementation, files_changed=6, last_tool=Read
[2026-04-24T18:46:37] SNAPSHOT TASK-J002-009: elapsed=660s, phase=task-work implementation, files_changed=7, last_tool=Bash
[2026-04-24T18:47:37] SNAPSHOT TASK-J002-009: elapsed=720s, phase=task-work implementation, files_changed=7, last_tool=Bash
[2026-04-24T18:48:37] SNAPSHOT TASK-J002-009: elapsed=780s, phase=task-work implementation, files_changed=7, last_tool=Bash
[2026-04-24T18:49:37] SNAPSHOT TASK-J002-009: elapsed=840s, phase=task-work implementation, files_changed=8, last_tool=TodoWrite
[2026-04-24T18:50:37] SNAPSHOT TASK-J002-009: elapsed=900s, phase=task-work implementation, files_changed=8, last_tool=TodoWrite
[2026-04-24T18:51:37] SNAPSHOT TASK-J002-009: elapsed=960s, phase=task-work implementation, files_changed=9, last_tool=Grep
[2026-04-24T18:52:22] START TASK-J002-009: task-work implementation
[2026-04-24T18:53:22] SNAPSHOT TASK-J002-009: elapsed=60s, phase=task-work implementation, files_changed=0, last_tool=Bash
[2026-04-24T18:54:22] SNAPSHOT TASK-J002-009: elapsed=120s, phase=task-work implementation, files_changed=1, last_tool=Bash
[2026-04-24T18:55:22] SNAPSHOT TASK-J002-009: elapsed=180s, phase=task-work implementation, files_changed=1, last_tool=Bash
[2026-04-24T18:56:22] SNAPSHOT TASK-J002-009: elapsed=240s, phase=task-work implementation, files_changed=1, last_tool=Read
[2026-04-24T18:57:22] SNAPSHOT TASK-J002-009: elapsed=300s, phase=task-work implementation, files_changed=2, last_tool=Bash
[2026-04-24T18:58:22] SNAPSHOT TASK-J002-009: elapsed=360s, phase=task-work implementation, files_changed=5, last_tool=Edit
[2026-04-24T18:59:22] SNAPSHOT TASK-J002-009: elapsed=420s, phase=task-work implementation, files_changed=8, last_tool=Bash
[2026-04-24T19:00:22] SNAPSHOT TASK-J002-009: elapsed=480s, phase=task-work implementation, files_changed=8, last_tool=Bash
[2026-04-24T19:01:05] START TASK-J002-009: task-work implementation
[2026-04-24T19:02:05] SNAPSHOT TASK-J002-009: elapsed=60s, phase=task-work implementation, files_changed=0, last_tool=Bash
[2026-04-24T19:03:05] SNAPSHOT TASK-J002-009: elapsed=120s, phase=task-work implementation, files_changed=0, last_tool=Read
[2026-04-24T19:04:05] SNAPSHOT TASK-J002-009: elapsed=180s, phase=task-work implementation, files_changed=1, last_tool=Write
[2026-04-24T19:04:09] START TASK-J002-009: task-work implementation
[2026-04-24T19:05:09] SNAPSHOT TASK-J002-009: elapsed=60s, phase=task-work implementation, files_changed=0, last_tool=Bash
[2026-04-24T19:06:09] SNAPSHOT TASK-J002-009: elapsed=120s, phase=task-work implementation, files_changed=0, last_tool=Read
[2026-04-24T19:07:09] SNAPSHOT TASK-J002-009: elapsed=180s, phase=task-work implementation, files_changed=4, last_tool=Bash
[2026-04-24T19:08:09] SNAPSHOT TASK-J002-009: elapsed=240s, phase=task-work implementation, files_changed=4, last_tool=Bash
[2026-04-24T19:09:09] SNAPSHOT TASK-J002-009: elapsed=300s, phase=task-work implementation, files_changed=5, last_tool=Bash
[2026-04-24T19:10:10] COMPLETE TASK-J002-009: elapsed=2076s, decision=timeout_budget_exhausted, snapshots=5
[2026-04-24T20:17:21] START TASK-J002-009: task-work implementation
[2026-04-24T20:18:21] SNAPSHOT TASK-J002-009: elapsed=60s, phase=task-work implementation, files_changed=0, last_tool=Bash
[2026-04-24T20:19:21] SNAPSHOT TASK-J002-009: elapsed=120s, phase=task-work implementation, files_changed=2, last_tool=Bash
[2026-04-24T20:20:21] SNAPSHOT TASK-J002-009: elapsed=180s, phase=task-work implementation, files_changed=2, last_tool=Bash
[2026-04-24T20:21:21] SNAPSHOT TASK-J002-009: elapsed=240s, phase=task-work implementation, files_changed=2, last_tool=Read
[2026-04-24T20:22:21] SNAPSHOT TASK-J002-009: elapsed=300s, phase=task-work implementation, files_changed=2, last_tool=Bash
[2026-04-24T20:23:21] SNAPSHOT TASK-J002-009: elapsed=360s, phase=task-work implementation, files_changed=3, last_tool=Read
[2026-04-24T20:23:49] START TASK-J002-009: task-work implementation
[2026-04-24T20:24:49] SNAPSHOT TASK-J002-009: elapsed=60s, phase=task-work implementation, files_changed=0, last_tool=Read
[2026-04-24T20:25:49] SNAPSHOT TASK-J002-009: elapsed=120s, phase=task-work implementation, files_changed=0, last_tool=Agent
[2026-04-24T20:26:49] SNAPSHOT TASK-J002-009: elapsed=180s, phase=task-work implementation, files_changed=0, last_tool=Bash
[2026-04-24T20:27:49] SNAPSHOT TASK-J002-009: elapsed=240s, phase=task-work implementation, files_changed=0, last_tool=Bash
[2026-04-24T20:28:49] SNAPSHOT TASK-J002-009: elapsed=300s, phase=task-work implementation, files_changed=0, last_tool=Bash
[2026-04-24T20:29:49] SNAPSHOT TASK-J002-009: elapsed=360s, phase=task-work implementation, files_changed=2, last_tool=Edit
[2026-04-24T20:30:49] SNAPSHOT TASK-J002-009: elapsed=420s, phase=task-work implementation, files_changed=7, last_tool=Read
[2026-04-24T20:31:49] SNAPSHOT TASK-J002-009: elapsed=480s, phase=task-work implementation, files_changed=9, last_tool=Bash
[2026-04-24T20:51:46] START TASK-J002-009: task-work implementation
[2026-04-24T20:52:46] SNAPSHOT TASK-J002-009: elapsed=60s, phase=task-work implementation, files_changed=0, last_tool=Bash
[2026-04-24T20:53:46] SNAPSHOT TASK-J002-009: elapsed=120s, phase=task-work implementation, files_changed=0, last_tool=Bash
[2026-04-24T20:54:46] SNAPSHOT TASK-J002-009: elapsed=180s, phase=task-work implementation, files_changed=0, last_tool=Bash
[2026-04-24T20:55:46] SNAPSHOT TASK-J002-009: elapsed=240s, phase=task-work implementation, files_changed=0, last_tool=Bash
[2026-04-24T20:56:46] SNAPSHOT TASK-J002-009: elapsed=300s, phase=task-work implementation, files_changed=2, last_tool=Edit
[2026-04-24T20:57:46] SNAPSHOT TASK-J002-009: elapsed=360s, phase=task-work implementation, files_changed=3, last_tool=Read
[2026-04-24T20:58:46] SNAPSHOT TASK-J002-009: elapsed=420s, phase=task-work implementation, files_changed=4, last_tool=Read
[2026-04-24T20:59:46] SNAPSHOT TASK-J002-009: elapsed=480s, phase=task-work implementation, files_changed=6, last_tool=Edit
[2026-04-24T21:00:46] SNAPSHOT TASK-J002-009: elapsed=540s, phase=task-work implementation, files_changed=7, last_tool=Read
[2026-04-24T21:01:46] SNAPSHOT TASK-J002-009: elapsed=600s, phase=task-work implementation, files_changed=8, last_tool=Edit
[2026-04-24T21:02:46] SNAPSHOT TASK-J002-009: elapsed=660s, phase=task-work implementation, files_changed=8, last_tool=Grep
[2026-04-24T21:03:46] SNAPSHOT TASK-J002-009: elapsed=720s, phase=task-work implementation, files_changed=9, last_tool=Read
[2026-04-24T21:04:46] SNAPSHOT TASK-J002-009: elapsed=780s, phase=task-work implementation, files_changed=10, last_tool=Read
[2026-04-24T21:05:46] SNAPSHOT TASK-J002-009: elapsed=840s, phase=task-work implementation, files_changed=11, last_tool=Bash
[2026-04-24T21:06:46] SNAPSHOT TASK-J002-009: elapsed=900s, phase=task-work implementation, files_changed=11, last_tool=Bash
[2026-04-24T21:07:46] SNAPSHOT TASK-J002-009: elapsed=960s, phase=task-work implementation, files_changed=11, last_tool=Bash
[2026-04-24T21:08:46] SNAPSHOT TASK-J002-009: elapsed=1020s, phase=task-work implementation, files_changed=11, last_tool=Agent
[2026-04-24T21:09:46] SNAPSHOT TASK-J002-009: elapsed=1080s, phase=task-work implementation, files_changed=11, last_tool=Bash
[2026-04-24T21:10:33] START TASK-J002-009: task-work implementation
[2026-04-24T21:11:33] SNAPSHOT TASK-J002-009: elapsed=60s, phase=task-work implementation, files_changed=0, last_tool=Agent
[2026-04-24T21:12:33] SNAPSHOT TASK-J002-009: elapsed=120s, phase=task-work implementation, files_changed=0, last_tool=Read
[2026-04-24T21:13:33] SNAPSHOT TASK-J002-009: elapsed=180s, phase=task-work implementation, files_changed=0, last_tool=Bash
[2026-04-24T21:14:33] SNAPSHOT TASK-J002-009: elapsed=240s, phase=task-work implementation, files_changed=0, last_tool=Read
[2026-04-24T21:15:33] SNAPSHOT TASK-J002-009: elapsed=300s, phase=task-work implementation, files_changed=0, last_tool=Read
[2026-04-24T21:16:25] START TASK-J002-009: task-work implementation
[2026-04-24T21:17:25] SNAPSHOT TASK-J002-009: elapsed=60s, phase=task-work implementation, files_changed=0, last_tool=Bash
[2026-04-24T21:18:25] SNAPSHOT TASK-J002-009: elapsed=120s, phase=task-work implementation, files_changed=0, last_tool=Bash
[2026-04-24T21:19:25] SNAPSHOT TASK-J002-009: elapsed=180s, phase=task-work implementation, files_changed=1, last_tool=Write
[2026-04-24T21:19:33] COMPLETE TASK-J002-009: elapsed=1669s, decision=unrecoverable_stall, snapshots=3
[2026-04-25T16:27:12] START TASK-J002-009: task-work implementation
[2026-04-25T16:28:12] SNAPSHOT TASK-J002-009: elapsed=60s, phase=task-work implementation, files_changed=0, last_tool=Read
[2026-04-25T16:29:12] SNAPSHOT TASK-J002-009: elapsed=120s, phase=task-work implementation, files_changed=0, last_tool=Read
[2026-04-25T16:30:12] SNAPSHOT TASK-J002-009: elapsed=180s, phase=task-work implementation, files_changed=0, last_tool=Read
[2026-04-25T16:31:12] SNAPSHOT TASK-J002-009: elapsed=240s, phase=task-work implementation, files_changed=1, last_tool=Bash
[2026-04-25T16:32:12] SNAPSHOT TASK-J002-009: elapsed=300s, phase=task-work implementation, files_changed=3, last_tool=Read
[2026-04-25T16:33:12] SNAPSHOT TASK-J002-009: elapsed=360s, phase=task-work implementation, files_changed=4, last_tool=Read
[2026-04-25T16:34:12] SNAPSHOT TASK-J002-009: elapsed=420s, phase=task-work implementation, files_changed=5, last_tool=Read
[2026-04-25T16:35:12] SNAPSHOT TASK-J002-009: elapsed=480s, phase=task-work implementation, files_changed=8, last_tool=Edit
[2026-04-25T16:36:12] SNAPSHOT TASK-J002-009: elapsed=540s, phase=task-work implementation, files_changed=9, last_tool=Edit
[2026-04-25T16:37:12] SNAPSHOT TASK-J002-009: elapsed=600s, phase=task-work implementation, files_changed=11, last_tool=Edit
[2026-04-25T16:38:12] SNAPSHOT TASK-J002-009: elapsed=660s, phase=task-work implementation, files_changed=12, last_tool=Bash
[2026-04-25T16:39:12] SNAPSHOT TASK-J002-009: elapsed=720s, phase=task-work implementation, files_changed=13, last_tool=Bash
[2026-04-25T16:40:12] SNAPSHOT TASK-J002-009: elapsed=780s, phase=task-work implementation, files_changed=13, last_tool=Bash
[2026-04-25T16:41:12] SNAPSHOT TASK-J002-009: elapsed=840s, phase=task-work implementation, files_changed=13, last_tool=Read
[2026-04-25T16:42:12] SNAPSHOT TASK-J002-009: elapsed=900s, phase=task-work implementation, files_changed=20, last_tool=Bash
[2026-04-25T16:43:12] SNAPSHOT TASK-J002-009: elapsed=960s, phase=task-work implementation, files_changed=23, last_tool=Bash
[2026-04-25T16:44:12] SNAPSHOT TASK-J002-009: elapsed=1020s, phase=task-work implementation, files_changed=23, last_tool=Bash
[2026-04-25T16:44:34] START TASK-J002-009: Player invocation
[2026-04-25T16:45:34] SNAPSHOT TASK-J002-009: elapsed=60s, phase=Player invocation, files_changed=0, last_tool=Bash
[2026-04-25T16:46:34] SNAPSHOT TASK-J002-009: elapsed=120s, phase=Player invocation, files_changed=0, last_tool=Bash
[2026-04-25T16:47:15] START TASK-J002-009: Coach invocation
[2026-04-25T16:48:15] SNAPSHOT TASK-J002-009: elapsed=60s, phase=Coach invocation, files_changed=0, last_tool=Read
[2026-04-25T16:49:15] SNAPSHOT TASK-J002-009: elapsed=120s, phase=Coach invocation, files_changed=0, last_tool=Bash
[2026-04-25T16:50:15] SNAPSHOT TASK-J002-009: elapsed=180s, phase=Coach invocation, files_changed=0, last_tool=Bash
[2026-04-25T16:51:25] COMPLETE TASK-J002-009: elapsed=1457s, decision=approved, snapshots=3
