[2026-04-24T12:23:47] START TASK-J002-002: Player invocation
[2026-04-24T12:24:47] SNAPSHOT TASK-J002-002: elapsed=60s, phase=Player invocation, files_changed=0, last_tool=Glob
[2026-04-24T12:25:47] SNAPSHOT TASK-J002-002: elapsed=120s, phase=Player invocation, files_changed=1, last_tool=Read
[2026-04-24T12:26:47] SNAPSHOT TASK-J002-002: elapsed=180s, phase=Player invocation, files_changed=2, last_tool=Bash
[2026-04-24T12:27:32] COMPLETE TASK-J002-002: elapsed=229s, decision=approved, snapshots=3
[2026-04-24T18:28:15] START TASK-J002-002: Player invocation
[2026-04-24T18:29:15] SNAPSHOT TASK-J002-002: elapsed=60s, phase=Player invocation, files_changed=0, last_tool=Read
[2026-04-24T18:30:15] SNAPSHOT TASK-J002-002: elapsed=120s, phase=Player invocation, files_changed=2, last_tool=Bash
[2026-04-24T18:31:15] SNAPSHOT TASK-J002-002: elapsed=180s, phase=Player invocation, files_changed=3, last_tool=Write
[2026-04-24T18:31:31] COMPLETE TASK-J002-002: elapsed=200s, decision=approved, snapshots=3
[2026-04-24T20:32:30] START TASK-J002-002: Player invocation
[2026-04-24T20:33:30] SNAPSHOT TASK-J002-002: elapsed=60s, phase=Player invocation, files_changed=0, last_tool=Bash
[2026-04-24T20:34:30] SNAPSHOT TASK-J002-002: elapsed=120s, phase=Player invocation, files_changed=1, last_tool=Read
[2026-04-24T20:35:30] SNAPSHOT TASK-J002-002: elapsed=180s, phase=Player invocation, files_changed=2, last_tool=Bash
[2026-04-24T20:36:30] SNAPSHOT TASK-J002-002: elapsed=240s, phase=Player invocation, files_changed=2, last_tool=Bash
[2026-04-24T20:37:12] COMPLETE TASK-J002-002: elapsed=287s, decision=approved, snapshots=4
[2026-04-25T16:18:51] START TASK-J002-002: Player invocation
[2026-04-25T16:19:51] SNAPSHOT TASK-J002-002: elapsed=60s, phase=Player invocation, files_changed=0, last_tool=Read
[2026-04-25T16:20:51] SNAPSHOT TASK-J002-002: elapsed=120s, phase=Player invocation, files_changed=1, last_tool=Read
[2026-04-25T16:21:54] COMPLETE TASK-J002-002: elapsed=187s, decision=approved, snapshots=2
