[2026-04-24T12:30:15] START TASK-J002-011: task-work implementation
[2026-04-24T12:31:15] SNAPSHOT TASK-J002-011: elapsed=60s, phase=task-work implementation, files_changed=0, last_tool=Read
[2026-04-24T12:32:15] SNAPSHOT TASK-J002-011: elapsed=120s, phase=task-work implementation, files_changed=0, last_tool=Bash
[2026-04-24T12:33:15] SNAPSHOT TASK-J002-011: elapsed=180s, phase=task-work implementation, files_changed=0, last_tool=Read
[2026-04-24T12:34:15] SNAPSHOT TASK-J002-011: elapsed=240s, phase=task-work implementation, files_changed=2, last_tool=Write
[2026-04-24T12:35:15] SNAPSHOT TASK-J002-011: elapsed=300s, phase=task-work implementation, files_changed=4, last_tool=Edit
[2026-04-24T12:36:15] SNAPSHOT TASK-J002-011: elapsed=360s, phase=task-work implementation, files_changed=6, last_tool=Read
[2026-04-24T12:37:15] SNAPSHOT TASK-J002-011: elapsed=420s, phase=task-work implementation, files_changed=6, last_tool=Bash
[2026-04-24T12:38:15] SNAPSHOT TASK-J002-011: elapsed=480s, phase=task-work implementation, files_changed=6, last_tool=Bash
[2026-04-24T12:39:15] SNAPSHOT TASK-J002-011: elapsed=540s, phase=task-work implementation, files_changed=6, last_tool=Bash
[2026-04-24T12:40:15] SNAPSHOT TASK-J002-011: elapsed=600s, phase=task-work implementation, files_changed=8, last_tool=Bash
[2026-04-24T12:41:15] SNAPSHOT TASK-J002-011: elapsed=660s, phase=task-work implementation, files_changed=9, last_tool=Bash
[2026-04-24T12:42:15] SNAPSHOT TASK-J002-011: elapsed=720s, phase=task-work implementation, files_changed=10, last_tool=Bash
[2026-04-24T12:43:15] SNAPSHOT TASK-J002-011: elapsed=780s, phase=task-work implementation, files_changed=10, last_tool=Bash
[2026-04-24T12:44:10] COMPLETE TASK-J002-011: elapsed=840s, decision=approved, snapshots=13
[2026-04-24T18:35:37] START TASK-J002-011: task-work implementation
[2026-04-24T18:36:37] SNAPSHOT TASK-J002-011: elapsed=60s, phase=task-work implementation, files_changed=0, last_tool=Read
[2026-04-24T18:37:37] SNAPSHOT TASK-J002-011: elapsed=120s, phase=task-work implementation, files_changed=0, last_tool=Bash
[2026-04-24T18:38:37] SNAPSHOT TASK-J002-011: elapsed=180s, phase=task-work implementation, files_changed=0, last_tool=Bash
[2026-04-24T18:39:37] SNAPSHOT TASK-J002-011: elapsed=240s, phase=task-work implementation, files_changed=1, last_tool=Write
[2026-04-24T18:40:37] SNAPSHOT TASK-J002-011: elapsed=300s, phase=task-work implementation, files_changed=3, last_tool=Edit
[2026-04-24T18:41:37] SNAPSHOT TASK-J002-011: elapsed=360s, phase=task-work implementation, files_changed=4, last_tool=Read
[2026-04-24T18:42:37] SNAPSHOT TASK-J002-011: elapsed=420s, phase=task-work implementation, files_changed=4, last_tool=Read
[2026-04-24T18:43:37] SNAPSHOT TASK-J002-011: elapsed=480s, phase=task-work implementation, files_changed=4, last_tool=Bash
[2026-04-24T18:44:37] SNAPSHOT TASK-J002-011: elapsed=540s, phase=task-work implementation, files_changed=4, last_tool=Bash
[2026-04-24T18:45:37] SNAPSHOT TASK-J002-011: elapsed=600s, phase=task-work implementation, files_changed=4, last_tool=Bash
[2026-04-24T18:46:37] SNAPSHOT TASK-J002-011: elapsed=660s, phase=task-work implementation, files_changed=6, last_tool=Edit
[2026-04-24T18:47:37] SNAPSHOT TASK-J002-011: elapsed=720s, phase=task-work implementation, files_changed=9, last_tool=Bash
[2026-04-24T18:48:37] SNAPSHOT TASK-J002-011: elapsed=780s, phase=task-work implementation, files_changed=10, last_tool=Read
[2026-04-24T18:49:37] SNAPSHOT TASK-J002-011: elapsed=840s, phase=task-work implementation, files_changed=11, last_tool=Read
[2026-04-24T18:50:37] SNAPSHOT TASK-J002-011: elapsed=900s, phase=task-work implementation, files_changed=11, last_tool=Bash
[2026-04-24T18:51:37] SNAPSHOT TASK-J002-011: elapsed=960s, phase=task-work implementation, files_changed=13, last_tool=Bash
[2026-04-24T18:52:16] START TASK-J002-011: task-work implementation
[2026-04-24T18:53:16] SNAPSHOT TASK-J002-011: elapsed=60s, phase=task-work implementation, files_changed=0, last_tool=Bash
[2026-04-24T18:54:16] SNAPSHOT TASK-J002-011: elapsed=120s, phase=task-work implementation, files_changed=0, last_tool=Read
[2026-04-24T18:55:16] SNAPSHOT TASK-J002-011: elapsed=180s, phase=task-work implementation, files_changed=0, last_tool=Bash
[2026-04-24T18:56:01] START TASK-J002-011: task-work implementation
[2026-04-24T18:57:01] SNAPSHOT TASK-J002-011: elapsed=60s, phase=task-work implementation, files_changed=0, last_tool=Bash
[2026-04-24T18:58:01] SNAPSHOT TASK-J002-011: elapsed=120s, phase=task-work implementation, files_changed=0, last_tool=Bash
[2026-04-24T18:59:01] SNAPSHOT TASK-J002-011: elapsed=180s, phase=task-work implementation, files_changed=0, last_tool=Bash
[2026-04-24T19:00:01] SNAPSHOT TASK-J002-011: elapsed=240s, phase=task-work implementation, files_changed=4, last_tool=Bash
[2026-04-24T19:01:01] SNAPSHOT TASK-J002-011: elapsed=300s, phase=task-work implementation, files_changed=4, last_tool=Agent
[2026-04-24T19:02:01] SNAPSHOT TASK-J002-011: elapsed=360s, phase=task-work implementation, files_changed=4, last_tool=Read
[2026-04-24T19:03:01] SNAPSHOT TASK-J002-011: elapsed=420s, phase=task-work implementation, files_changed=5, last_tool=Write
[2026-04-24T19:03:05] START TASK-J002-011: task-work implementation
[2026-04-24T19:04:05] SNAPSHOT TASK-J002-011: elapsed=60s, phase=task-work implementation, files_changed=0, last_tool=Bash
[2026-04-24T19:05:05] SNAPSHOT TASK-J002-011: elapsed=120s, phase=task-work implementation, files_changed=2, last_tool=Bash
[2026-04-24T19:06:05] SNAPSHOT TASK-J002-011: elapsed=180s, phase=task-work implementation, files_changed=2, last_tool=Grep
[2026-04-24T19:07:05] SNAPSHOT TASK-J002-011: elapsed=240s, phase=task-work implementation, files_changed=2, last_tool=Grep
[2026-04-24T19:07:42] COMPLETE TASK-J002-011: elapsed=1928s, decision=timeout_budget_exhausted, snapshots=4
[2026-04-24T20:17:21] START TASK-J002-011: task-work implementation
[2026-04-24T20:18:21] SNAPSHOT TASK-J002-011: elapsed=60s, phase=task-work implementation, files_changed=0, last_tool=Read
[2026-04-24T20:19:21] SNAPSHOT TASK-J002-011: elapsed=120s, phase=task-work implementation, files_changed=0, last_tool=Bash
[2026-04-24T20:20:21] SNAPSHOT TASK-J002-011: elapsed=180s, phase=task-work implementation, files_changed=0, last_tool=Bash
[2026-04-24T20:21:21] SNAPSHOT TASK-J002-011: elapsed=240s, phase=task-work implementation, files_changed=0, last_tool=Bash
[2026-04-24T20:22:21] SNAPSHOT TASK-J002-011: elapsed=300s, phase=task-work implementation, files_changed=1, last_tool=Agent
[2026-04-24T20:23:21] SNAPSHOT TASK-J002-011: elapsed=360s, phase=task-work implementation, files_changed=1, last_tool=Read
[2026-04-24T20:24:21] SNAPSHOT TASK-J002-011: elapsed=420s, phase=task-work implementation, files_changed=2, last_tool=Read
[2026-04-24T20:24:44] START TASK-J002-011: task-work implementation
[2026-04-24T20:25:44] SNAPSHOT TASK-J002-011: elapsed=60s, phase=task-work implementation, files_changed=0, last_tool=Agent
[2026-04-24T20:26:44] SNAPSHOT TASK-J002-011: elapsed=120s, phase=task-work implementation, files_changed=0, last_tool=Bash
[2026-04-24T20:27:44] SNAPSHOT TASK-J002-011: elapsed=180s, phase=task-work implementation, files_changed=0, last_tool=Bash
[2026-04-24T20:28:44] SNAPSHOT TASK-J002-011: elapsed=240s, phase=task-work implementation, files_changed=0, last_tool=Bash
[2026-04-24T20:29:44] SNAPSHOT TASK-J002-011: elapsed=300s, phase=task-work implementation, files_changed=0, last_tool=Bash
[2026-04-24T20:30:44] SNAPSHOT TASK-J002-011: elapsed=360s, phase=task-work implementation, files_changed=0, last_tool=Bash
[2026-04-24T20:31:44] SNAPSHOT TASK-J002-011: elapsed=420s, phase=task-work implementation, files_changed=0, last_tool=Bash
[2026-04-24T20:32:04] COMPLETE TASK-J002-011: elapsed=885s, decision=cancelled, snapshots=7
[2026-04-24T20:51:48] START TASK-J002-011: task-work implementation
[2026-04-24T20:52:48] SNAPSHOT TASK-J002-011: elapsed=60s, phase=task-work implementation, files_changed=0, last_tool=Bash
[2026-04-24T20:53:48] SNAPSHOT TASK-J002-011: elapsed=120s, phase=task-work implementation, files_changed=0, last_tool=Bash
[2026-04-24T20:54:48] SNAPSHOT TASK-J002-011: elapsed=180s, phase=task-work implementation, files_changed=0, last_tool=Bash
[2026-04-24T20:55:48] SNAPSHOT TASK-J002-011: elapsed=240s, phase=task-work implementation, files_changed=1, last_tool=Bash
[2026-04-24T20:56:48] SNAPSHOT TASK-J002-011: elapsed=300s, phase=task-work implementation, files_changed=3, last_tool=Grep
[2026-04-24T20:57:48] SNAPSHOT TASK-J002-011: elapsed=360s, phase=task-work implementation, files_changed=5, last_tool=Edit
[2026-04-24T20:58:48] SNAPSHOT TASK-J002-011: elapsed=420s, phase=task-work implementation, files_changed=7, last_tool=Bash
[2026-04-24T20:59:48] SNAPSHOT TASK-J002-011: elapsed=480s, phase=task-work implementation, files_changed=8, last_tool=Edit
[2026-04-24T21:00:48] SNAPSHOT TASK-J002-011: elapsed=540s, phase=task-work implementation, files_changed=8, last_tool=Bash
[2026-04-24T21:01:48] SNAPSHOT TASK-J002-011: elapsed=600s, phase=task-work implementation, files_changed=8, last_tool=Read
[2026-04-24T21:02:48] SNAPSHOT TASK-J002-011: elapsed=660s, phase=task-work implementation, files_changed=8, last_tool=Bash
[2026-04-24T21:03:48] SNAPSHOT TASK-J002-011: elapsed=720s, phase=task-work implementation, files_changed=8, last_tool=Bash
[2026-04-24T21:04:48] SNAPSHOT TASK-J002-011: elapsed=780s, phase=task-work implementation, files_changed=8, last_tool=Bash
[2026-04-24T21:05:48] SNAPSHOT TASK-J002-011: elapsed=840s, phase=task-work implementation, files_changed=8, last_tool=Bash
[2026-04-24T21:06:48] SNAPSHOT TASK-J002-011: elapsed=900s, phase=task-work implementation, files_changed=8, last_tool=Bash
[2026-04-24T21:07:05] START TASK-J002-011: task-work implementation
[2026-04-24T21:08:05] SNAPSHOT TASK-J002-011: elapsed=60s, phase=task-work implementation, files_changed=0, last_tool=Read
[2026-04-24T21:09:05] SNAPSHOT TASK-J002-011: elapsed=120s, phase=task-work implementation, files_changed=0, last_tool=Bash
[2026-04-24T21:10:05] SNAPSHOT TASK-J002-011: elapsed=180s, phase=task-work implementation, files_changed=0, last_tool=Bash
[2026-04-24T21:11:06] SNAPSHOT TASK-J002-011: elapsed=240s, phase=task-work implementation, files_changed=0, last_tool=Read
[2026-04-24T21:12:06] SNAPSHOT TASK-J002-011: elapsed=300s, phase=task-work implementation, files_changed=0, last_tool=Read
[2026-04-24T21:12:38] START TASK-J002-011: task-work implementation
[2026-04-24T21:13:38] SNAPSHOT TASK-J002-011: elapsed=60s, phase=task-work implementation, files_changed=0, last_tool=Agent
[2026-04-24T21:14:38] SNAPSHOT TASK-J002-011: elapsed=120s, phase=task-work implementation, files_changed=0, last_tool=Bash
[2026-04-24T21:15:38] SNAPSHOT TASK-J002-011: elapsed=180s, phase=task-work implementation, files_changed=0, last_tool=TodoWrite
[2026-04-24T21:16:28] COMPLETE TASK-J002-011: elapsed=1483s, decision=approved, snapshots=3
[2026-04-25T16:27:11] START TASK-J002-011: task-work implementation
[2026-04-25T16:28:11] SNAPSHOT TASK-J002-011: elapsed=60s, phase=task-work implementation, files_changed=0, last_tool=Bash
[2026-04-25T16:29:11] SNAPSHOT TASK-J002-011: elapsed=120s, phase=task-work implementation, files_changed=0, last_tool=Read
[2026-04-25T16:30:11] SNAPSHOT TASK-J002-011: elapsed=180s, phase=task-work implementation, files_changed=0, last_tool=Bash
[2026-04-25T16:31:11] SNAPSHOT TASK-J002-011: elapsed=240s, phase=task-work implementation, files_changed=0, last_tool=Bash
[2026-04-25T16:32:11] SNAPSHOT TASK-J002-011: elapsed=300s, phase=task-work implementation, files_changed=0, last_tool=Bash
[2026-04-25T16:33:11] SNAPSHOT TASK-J002-011: elapsed=360s, phase=task-work implementation, files_changed=1, last_tool=Write
[2026-04-25T16:34:11] SNAPSHOT TASK-J002-011: elapsed=420s, phase=task-work implementation, files_changed=3, last_tool=Edit
[2026-04-25T16:35:11] SNAPSHOT TASK-J002-011: elapsed=480s, phase=task-work implementation, files_changed=5, last_tool=Edit
[2026-04-25T16:36:11] SNAPSHOT TASK-J002-011: elapsed=540s, phase=task-work implementation, files_changed=7, last_tool=Bash
[2026-04-25T16:37:11] SNAPSHOT TASK-J002-011: elapsed=600s, phase=task-work implementation, files_changed=7, last_tool=Read
[2026-04-25T16:38:11] SNAPSHOT TASK-J002-011: elapsed=660s, phase=task-work implementation, files_changed=7, last_tool=Read
[2026-04-25T16:39:11] SNAPSHOT TASK-J002-011: elapsed=720s, phase=task-work implementation, files_changed=8, last_tool=Read
[2026-04-25T16:40:11] SNAPSHOT TASK-J002-011: elapsed=780s, phase=task-work implementation, files_changed=10, last_tool=Bash
[2026-04-25T16:41:11] SNAPSHOT TASK-J002-011: elapsed=840s, phase=task-work implementation, files_changed=11, last_tool=Bash
[2026-04-25T16:41:52] START TASK-J002-011: Player invocation
[2026-04-25T16:42:52] SNAPSHOT TASK-J002-011: elapsed=60s, phase=Player invocation, files_changed=0, last_tool=Grep
[2026-04-25T16:43:08] START TASK-J002-011: Coach invocation
[2026-04-25T16:44:08] SNAPSHOT TASK-J002-011: elapsed=60s, phase=Coach invocation, files_changed=0, last_tool=Bash
[2026-04-25T16:45:08] SNAPSHOT TASK-J002-011: elapsed=120s, phase=Coach invocation, files_changed=0, last_tool=Bash
[2026-04-25T16:46:08] SNAPSHOT TASK-J002-011: elapsed=180s, phase=Coach invocation, files_changed=0, last_tool=Bash
[2026-04-25T16:47:08] SNAPSHOT TASK-J002-011: elapsed=240s, phase=Coach invocation, files_changed=0, last_tool=Bash
[2026-04-25T16:47:29] COMPLETE TASK-J002-011: elapsed=1221s, decision=approved, snapshots=4
