[2026-04-24T12:30:15] START TASK-J002-013: task-work implementation
[2026-04-24T12:31:15] SNAPSHOT TASK-J002-013: elapsed=60s, phase=task-work implementation, files_changed=0, last_tool=Read
[2026-04-24T12:32:15] SNAPSHOT TASK-J002-013: elapsed=120s, phase=task-work implementation, files_changed=0, last_tool=Read
[2026-04-24T12:33:15] SNAPSHOT TASK-J002-013: elapsed=180s, phase=task-work implementation, files_changed=0, last_tool=Grep
[2026-04-24T12:34:15] SNAPSHOT TASK-J002-013: elapsed=240s, phase=task-work implementation, files_changed=0, last_tool=Bash
[2026-04-24T12:35:15] SNAPSHOT TASK-J002-013: elapsed=300s, phase=task-work implementation, files_changed=0, last_tool=Bash
[2026-04-24T12:36:15] SNAPSHOT TASK-J002-013: elapsed=360s, phase=task-work implementation, files_changed=0, last_tool=TodoWrite
[2026-04-24T12:37:15] SNAPSHOT TASK-J002-013: elapsed=420s, phase=task-work implementation, files_changed=2, last_tool=Edit
[2026-04-24T12:38:15] SNAPSHOT TASK-J002-013: elapsed=480s, phase=task-work implementation, files_changed=4, last_tool=Read
[2026-04-24T12:39:15] SNAPSHOT TASK-J002-013: elapsed=540s, phase=task-work implementation, files_changed=4, last_tool=Read
[2026-04-24T12:40:15] SNAPSHOT TASK-J002-013: elapsed=600s, phase=task-work implementation, files_changed=6, last_tool=Edit
[2026-04-24T12:41:15] SNAPSHOT TASK-J002-013: elapsed=660s, phase=task-work implementation, files_changed=7, last_tool=Bash
[2026-04-24T12:42:15] SNAPSHOT TASK-J002-013: elapsed=720s, phase=task-work implementation, files_changed=9, last_tool=Edit
[2026-04-24T12:43:15] SNAPSHOT TASK-J002-013: elapsed=780s, phase=task-work implementation, files_changed=9, last_tool=Read
[2026-04-24T12:44:15] SNAPSHOT TASK-J002-013: elapsed=840s, phase=task-work implementation, files_changed=9, last_tool=Read
[2026-04-24T12:45:15] SNAPSHOT TASK-J002-013: elapsed=900s, phase=task-work implementation, files_changed=11, last_tool=Bash
[2026-04-24T12:46:15] SNAPSHOT TASK-J002-013: elapsed=960s, phase=task-work implementation, files_changed=11, last_tool=Read
[2026-04-24T12:47:15] SNAPSHOT TASK-J002-013: elapsed=1020s, phase=task-work implementation, files_changed=11, last_tool=Bash
[2026-04-24T12:48:15] SNAPSHOT TASK-J002-013: elapsed=1080s, phase=task-work implementation, files_changed=12, last_tool=TodoWrite
[2026-04-24T12:48:28] START TASK-J002-013: task-work implementation
[2026-04-24T12:49:28] SNAPSHOT TASK-J002-013: elapsed=60s, phase=task-work implementation, files_changed=0, last_tool=Read
[2026-04-24T12:50:28] SNAPSHOT TASK-J002-013: elapsed=120s, phase=task-work implementation, files_changed=0, last_tool=Read
[2026-04-24T12:51:28] SNAPSHOT TASK-J002-013: elapsed=180s, phase=task-work implementation, files_changed=0, last_tool=Bash
[2026-04-24T12:52:28] SNAPSHOT TASK-J002-013: elapsed=240s, phase=task-work implementation, files_changed=0, last_tool=Read
[2026-04-24T12:53:28] SNAPSHOT TASK-J002-013: elapsed=300s, phase=task-work implementation, files_changed=0, last_tool=Read
[2026-04-24T12:54:02] START TASK-J002-013: task-work implementation
[2026-04-24T12:55:02] SNAPSHOT TASK-J002-013: elapsed=60s, phase=task-work implementation, files_changed=0, last_tool=Read
[2026-04-24T12:56:02] SNAPSHOT TASK-J002-013: elapsed=120s, phase=task-work implementation, files_changed=0, last_tool=Bash
[2026-04-24T12:57:02] SNAPSHOT TASK-J002-013: elapsed=180s, phase=task-work implementation, files_changed=0, last_tool=Read
[2026-04-24T12:58:02] SNAPSHOT TASK-J002-013: elapsed=240s, phase=task-work implementation, files_changed=0, last_tool=TodoWrite
[2026-04-24T12:59:02] SNAPSHOT TASK-J002-013: elapsed=300s, phase=task-work implementation, files_changed=0, last_tool=TodoWrite
[2026-04-24T13:00:02] SNAPSHOT TASK-J002-013: elapsed=360s, phase=task-work implementation, files_changed=2, last_tool=Edit
[2026-04-24T13:01:02] SNAPSHOT TASK-J002-013: elapsed=420s, phase=task-work implementation, files_changed=2, last_tool=Bash
[2026-04-24T13:02:02] SNAPSHOT TASK-J002-013: elapsed=480s, phase=task-work implementation, files_changed=2, last_tool=Read
[2026-04-24T13:03:02] SNAPSHOT TASK-J002-013: elapsed=540s, phase=task-work implementation, files_changed=4, last_tool=Bash
[2026-04-24T13:04:02] SNAPSHOT TASK-J002-013: elapsed=600s, phase=task-work implementation, files_changed=4, last_tool=Bash
[2026-04-24T13:05:02] SNAPSHOT TASK-J002-013: elapsed=660s, phase=task-work implementation, files_changed=4, last_tool=TodoWrite
[2026-04-24T13:06:02] SNAPSHOT TASK-J002-013: elapsed=720s, phase=task-work implementation, files_changed=4, last_tool=Bash
[2026-04-24T13:06:44] COMPLETE TASK-J002-013: elapsed=2194s, decision=unrecoverable_stall, snapshots=12
[2026-04-24T18:35:37] START TASK-J002-013: task-work implementation
[2026-04-24T18:36:37] SNAPSHOT TASK-J002-013: elapsed=60s, phase=task-work implementation, files_changed=0, last_tool=Read
[2026-04-24T18:37:37] SNAPSHOT TASK-J002-013: elapsed=120s, phase=task-work implementation, files_changed=0, last_tool=Read
[2026-04-24T18:38:37] SNAPSHOT TASK-J002-013: elapsed=180s, phase=task-work implementation, files_changed=0, last_tool=Bash
[2026-04-24T18:39:37] SNAPSHOT TASK-J002-013: elapsed=240s, phase=task-work implementation, files_changed=0, last_tool=Bash
[2026-04-24T18:40:37] SNAPSHOT TASK-J002-013: elapsed=300s, phase=task-work implementation, files_changed=0, last_tool=Read
[2026-04-24T18:41:37] SNAPSHOT TASK-J002-013: elapsed=360s, phase=task-work implementation, files_changed=0, last_tool=Bash
[2026-04-24T18:42:37] SNAPSHOT TASK-J002-013: elapsed=420s, phase=task-work implementation, files_changed=0, last_tool=Bash
[2026-04-24T18:43:37] SNAPSHOT TASK-J002-013: elapsed=480s, phase=task-work implementation, files_changed=1, last_tool=Bash
[2026-04-24T18:44:37] SNAPSHOT TASK-J002-013: elapsed=540s, phase=task-work implementation, files_changed=2, last_tool=Edit
[2026-04-24T18:45:37] SNAPSHOT TASK-J002-013: elapsed=600s, phase=task-work implementation, files_changed=4, last_tool=Bash
[2026-04-24T18:46:37] SNAPSHOT TASK-J002-013: elapsed=660s, phase=task-work implementation, files_changed=5, last_tool=Bash
[2026-04-24T18:47:37] SNAPSHOT TASK-J002-013: elapsed=720s, phase=task-work implementation, files_changed=5, last_tool=Bash
[2026-04-24T18:48:37] SNAPSHOT TASK-J002-013: elapsed=780s, phase=task-work implementation, files_changed=5, last_tool=Bash
[2026-04-24T18:49:37] SNAPSHOT TASK-J002-013: elapsed=840s, phase=task-work implementation, files_changed=5, last_tool=Bash
[2026-04-24T18:50:18] START TASK-J002-013: task-work implementation
[2026-04-24T18:51:18] SNAPSHOT TASK-J002-013: elapsed=60s, phase=task-work implementation, files_changed=0, last_tool=Grep
[2026-04-24T18:52:18] SNAPSHOT TASK-J002-013: elapsed=120s, phase=task-work implementation, files_changed=0, last_tool=Read
[2026-04-24T18:53:18] SNAPSHOT TASK-J002-013: elapsed=180s, phase=task-work implementation, files_changed=0, last_tool=Read
[2026-04-24T18:54:03] START TASK-J002-013: task-work implementation
[2026-04-24T18:55:03] SNAPSHOT TASK-J002-013: elapsed=60s, phase=task-work implementation, files_changed=0, last_tool=Agent
[2026-04-24T18:56:03] SNAPSHOT TASK-J002-013: elapsed=120s, phase=task-work implementation, files_changed=0, last_tool=Bash
[2026-04-24T18:57:03] SNAPSHOT TASK-J002-013: elapsed=180s, phase=task-work implementation, files_changed=0, last_tool=Bash
[2026-04-24T18:57:57] COMPLETE TASK-J002-013: elapsed=1343s, decision=unrecoverable_stall, snapshots=3
[2026-04-24T20:17:21] START TASK-J002-013: task-work implementation
[2026-04-24T20:18:21] SNAPSHOT TASK-J002-013: elapsed=60s, phase=task-work implementation, files_changed=0, last_tool=Bash
[2026-04-24T20:19:21] SNAPSHOT TASK-J002-013: elapsed=120s, phase=task-work implementation, files_changed=0, last_tool=Bash
[2026-04-24T20:20:21] SNAPSHOT TASK-J002-013: elapsed=180s, phase=task-work implementation, files_changed=0, last_tool=Bash
[2026-04-24T20:21:21] SNAPSHOT TASK-J002-013: elapsed=240s, phase=task-work implementation, files_changed=0, last_tool=Grep
[2026-04-24T20:22:21] SNAPSHOT TASK-J002-013: elapsed=300s, phase=task-work implementation, files_changed=0, last_tool=Grep
[2026-04-24T20:23:21] SNAPSHOT TASK-J002-013: elapsed=360s, phase=task-work implementation, files_changed=1, last_tool=Read
[2026-04-24T20:24:21] SNAPSHOT TASK-J002-013: elapsed=420s, phase=task-work implementation, files_changed=2, last_tool=Write
[2026-04-24T20:24:25] START TASK-J002-013: task-work implementation
[2026-04-24T20:25:25] SNAPSHOT TASK-J002-013: elapsed=60s, phase=task-work implementation, files_changed=0, last_tool=Bash
[2026-04-24T20:26:25] SNAPSHOT TASK-J002-013: elapsed=120s, phase=task-work implementation, files_changed=0, last_tool=Read
[2026-04-24T20:27:25] SNAPSHOT TASK-J002-013: elapsed=180s, phase=task-work implementation, files_changed=0, last_tool=Read
[2026-04-24T20:28:17] COMPLETE TASK-J002-013: elapsed=658s, decision=unrecoverable_stall, snapshots=3
[2026-04-24T20:51:48] START TASK-J002-013: task-work implementation
[2026-04-24T20:52:48] SNAPSHOT TASK-J002-013: elapsed=60s, phase=task-work implementation, files_changed=0, last_tool=Bash
[2026-04-24T20:53:48] SNAPSHOT TASK-J002-013: elapsed=120s, phase=task-work implementation, files_changed=0, last_tool=Bash
[2026-04-24T20:54:48] SNAPSHOT TASK-J002-013: elapsed=180s, phase=task-work implementation, files_changed=0, last_tool=Read
[2026-04-24T20:55:48] SNAPSHOT TASK-J002-013: elapsed=240s, phase=task-work implementation, files_changed=0, last_tool=Read
[2026-04-24T20:56:48] SNAPSHOT TASK-J002-013: elapsed=300s, phase=task-work implementation, files_changed=0, last_tool=Bash
[2026-04-24T20:57:48] SNAPSHOT TASK-J002-013: elapsed=360s, phase=task-work implementation, files_changed=0, last_tool=Bash
[2026-04-24T20:58:48] SNAPSHOT TASK-J002-013: elapsed=420s, phase=task-work implementation, files_changed=0, last_tool=Bash
[2026-04-24T20:59:48] SNAPSHOT TASK-J002-013: elapsed=480s, phase=task-work implementation, files_changed=2, last_tool=Edit
[2026-04-24T21:00:48] SNAPSHOT TASK-J002-013: elapsed=540s, phase=task-work implementation, files_changed=3, last_tool=Bash
[2026-04-24T21:01:48] SNAPSHOT TASK-J002-013: elapsed=600s, phase=task-work implementation, files_changed=4, last_tool=Read
[2026-04-24T21:02:48] SNAPSHOT TASK-J002-013: elapsed=660s, phase=task-work implementation, files_changed=5, last_tool=Bash
[2026-04-24T21:03:48] SNAPSHOT TASK-J002-013: elapsed=720s, phase=task-work implementation, files_changed=5, last_tool=Bash
[2026-04-24T21:04:48] SNAPSHOT TASK-J002-013: elapsed=780s, phase=task-work implementation, files_changed=5, last_tool=Read
[2026-04-24T21:05:48] SNAPSHOT TASK-J002-013: elapsed=840s, phase=task-work implementation, files_changed=5, last_tool=Bash
[2026-04-24T21:06:48] SNAPSHOT TASK-J002-013: elapsed=900s, phase=task-work implementation, files_changed=5, last_tool=Bash
[2026-04-24T21:07:48] SNAPSHOT TASK-J002-013: elapsed=960s, phase=task-work implementation, files_changed=5, last_tool=Bash
[2026-04-24T21:08:48] SNAPSHOT TASK-J002-013: elapsed=1020s, phase=task-work implementation, files_changed=5, last_tool=Read
[2026-04-24T21:09:48] SNAPSHOT TASK-J002-013: elapsed=1080s, phase=task-work implementation, files_changed=6, last_tool=Edit
[2026-04-24T21:10:48] SNAPSHOT TASK-J002-013: elapsed=1140s, phase=task-work implementation, files_changed=6, last_tool=Bash
[2026-04-24T21:11:48] SNAPSHOT TASK-J002-013: elapsed=1200s, phase=task-work implementation, files_changed=6, last_tool=Bash
[2026-04-24T21:12:48] SNAPSHOT TASK-J002-013: elapsed=1260s, phase=task-work implementation, files_changed=7, last_tool=Write
[2026-04-24T21:12:57] START TASK-J002-013: task-work implementation
[2026-04-24T21:13:57] SNAPSHOT TASK-J002-013: elapsed=60s, phase=task-work implementation, files_changed=0, last_tool=ToolSearch
[2026-04-24T21:14:57] SNAPSHOT TASK-J002-013: elapsed=120s, phase=task-work implementation, files_changed=0, last_tool=Bash
[2026-04-24T21:15:57] SNAPSHOT TASK-J002-013: elapsed=180s, phase=task-work implementation, files_changed=0, last_tool=Bash
[2026-04-24T21:16:57] SNAPSHOT TASK-J002-013: elapsed=240s, phase=task-work implementation, files_changed=0, last_tool=Read
[2026-04-24T21:17:57] SNAPSHOT TASK-J002-013: elapsed=300s, phase=task-work implementation, files_changed=0, last_tool=Read
[2026-04-24T21:18:57] SNAPSHOT TASK-J002-013: elapsed=360s, phase=task-work implementation, files_changed=1, last_tool=Write
[2026-04-24T21:19:12] START TASK-J002-013: task-work implementation
[2026-04-24T21:20:12] SNAPSHOT TASK-J002-013: elapsed=60s, phase=task-work implementation, files_changed=0, last_tool=Bash
[2026-04-24T21:21:12] SNAPSHOT TASK-J002-013: elapsed=120s, phase=task-work implementation, files_changed=0, last_tool=Read
[2026-04-24T21:22:12] SNAPSHOT TASK-J002-013: elapsed=180s, phase=task-work implementation, files_changed=0, last_tool=Read
[2026-04-24T21:22:46] COMPLETE TASK-J002-013: elapsed=1861s, decision=unrecoverable_stall, snapshots=3
[2026-04-25T16:27:12] START TASK-J002-013: task-work implementation
[2026-04-25T16:28:12] SNAPSHOT TASK-J002-013: elapsed=60s, phase=task-work implementation, files_changed=0, last_tool=Bash
[2026-04-25T16:29:12] SNAPSHOT TASK-J002-013: elapsed=120s, phase=task-work implementation, files_changed=0, last_tool=Bash
[2026-04-25T16:30:12] SNAPSHOT TASK-J002-013: elapsed=180s, phase=task-work implementation, files_changed=0, last_tool=Bash
[2026-04-25T16:31:12] SNAPSHOT TASK-J002-013: elapsed=240s, phase=task-work implementation, files_changed=0, last_tool=Bash
[2026-04-25T16:32:12] SNAPSHOT TASK-J002-013: elapsed=300s, phase=task-work implementation, files_changed=1, last_tool=Write
[2026-04-25T16:33:12] SNAPSHOT TASK-J002-013: elapsed=360s, phase=task-work implementation, files_changed=1, last_tool=Write
[2026-04-25T16:34:12] SNAPSHOT TASK-J002-013: elapsed=420s, phase=task-work implementation, files_changed=3, last_tool=Bash
[2026-04-25T16:35:12] SNAPSHOT TASK-J002-013: elapsed=480s, phase=task-work implementation, files_changed=3, last_tool=Bash
[2026-04-25T16:36:12] SNAPSHOT TASK-J002-013: elapsed=540s, phase=task-work implementation, files_changed=5, last_tool=Edit
[2026-04-25T16:37:12] SNAPSHOT TASK-J002-013: elapsed=600s, phase=task-work implementation, files_changed=7, last_tool=Edit
[2026-04-25T16:38:12] SNAPSHOT TASK-J002-013: elapsed=660s, phase=task-work implementation, files_changed=8, last_tool=Bash
[2026-04-25T16:38:54] START TASK-J002-013: Player invocation
[2026-04-25T16:39:54] SNAPSHOT TASK-J002-013: elapsed=60s, phase=Player invocation, files_changed=0, last_tool=Bash
[2026-04-25T16:40:54] SNAPSHOT TASK-J002-013: elapsed=120s, phase=Player invocation, files_changed=0, last_tool=Bash
[2026-04-25T16:41:15] START TASK-J002-013: Coach invocation
[2026-04-25T16:42:15] SNAPSHOT TASK-J002-013: elapsed=60s, phase=Coach invocation, files_changed=0, last_tool=Read
[2026-04-25T16:43:15] SNAPSHOT TASK-J002-013: elapsed=120s, phase=Coach invocation, files_changed=0, last_tool=Bash
[2026-04-25T16:44:15] SNAPSHOT TASK-J002-013: elapsed=180s, phase=Coach invocation, files_changed=0, last_tool=Bash
[2026-04-25T16:45:15] SNAPSHOT TASK-J002-013: elapsed=240s, phase=Coach invocation, files_changed=0, last_tool=Bash
[2026-04-25T16:46:06] START TASK-J002-013: task-work implementation
[2026-04-25T16:47:06] SNAPSHOT TASK-J002-013: elapsed=60s, phase=task-work implementation, files_changed=3, last_tool=Bash
[2026-04-25T16:48:06] SNAPSHOT TASK-J002-013: elapsed=120s, phase=task-work implementation, files_changed=3, last_tool=Bash
[2026-04-25T16:48:34] START TASK-J002-013: Player invocation
[2026-04-25T16:49:16] START TASK-J002-013: Coach invocation
[2026-04-25T16:50:16] SNAPSHOT TASK-J002-013: elapsed=60s, phase=Coach invocation, files_changed=0, last_tool=Bash
[2026-04-25T16:51:16] SNAPSHOT TASK-J002-013: elapsed=120s, phase=Coach invocation, files_changed=0, last_tool=Glob
[2026-04-25T16:52:16] SNAPSHOT TASK-J002-013: elapsed=180s, phase=Coach invocation, files_changed=0, last_tool=Bash
[2026-04-25T16:53:16] SNAPSHOT TASK-J002-013: elapsed=240s, phase=Coach invocation, files_changed=0, last_tool=Read
[2026-04-25T16:54:16] SNAPSHOT TASK-J002-013: elapsed=300s, phase=Coach invocation, files_changed=0, last_tool=Bash
[2026-04-25T16:55:16] SNAPSHOT TASK-J002-013: elapsed=360s, phase=Coach invocation, files_changed=0, last_tool=Bash
[2026-04-25T16:55:59] COMPLETE TASK-J002-013: elapsed=1730s, decision=approved, snapshots=6
