[2026-04-24T12:30:15] START TASK-J002-018: Player invocation
[2026-04-24T12:31:15] SNAPSHOT TASK-J002-018: elapsed=60s, phase=Player invocation, files_changed=0, last_tool=Read
[2026-04-24T12:32:15] SNAPSHOT TASK-J002-018: elapsed=120s, phase=Player invocation, files_changed=0, last_tool=Read
[2026-04-24T12:33:15] SNAPSHOT TASK-J002-018: elapsed=180s, phase=Player invocation, files_changed=0, last_tool=Read
[2026-04-24T12:34:15] SNAPSHOT TASK-J002-018: elapsed=240s, phase=Player invocation, files_changed=1, last_tool=Bash
[2026-04-24T12:35:15] SNAPSHOT TASK-J002-018: elapsed=300s, phase=Player invocation, files_changed=2, last_tool=Write
[2026-04-24T12:35:32] COMPLETE TASK-J002-018: elapsed=322s, decision=approved, snapshots=5
[2026-04-24T18:35:37] START TASK-J002-018: Player invocation
[2026-04-24T18:36:37] SNAPSHOT TASK-J002-018: elapsed=60s, phase=Player invocation, files_changed=0, last_tool=Bash
[2026-04-24T18:37:37] SNAPSHOT TASK-J002-018: elapsed=120s, phase=Player invocation, files_changed=1, last_tool=Write
[2026-04-24T18:38:26] COMPLETE TASK-J002-018: elapsed=172s, decision=approved, snapshots=2
[2026-04-24T20:51:47] START TASK-J002-018: Player invocation
[2026-04-24T20:52:47] SNAPSHOT TASK-J002-018: elapsed=60s, phase=Player invocation, files_changed=0, last_tool=Bash
[2026-04-24T20:53:47] SNAPSHOT TASK-J002-018: elapsed=120s, phase=Player invocation, files_changed=1, last_tool=Read
[2026-04-24T20:54:47] SNAPSHOT TASK-J002-018: elapsed=180s, phase=Player invocation, files_changed=2, last_tool=Bash
[2026-04-24T20:55:02] COMPLETE TASK-J002-018: elapsed=198s, decision=approved, snapshots=3
[2026-04-25T16:27:12] START TASK-J002-018: Player invocation
[2026-04-25T16:28:12] SNAPSHOT TASK-J002-018: elapsed=60s, phase=Player invocation, files_changed=0, last_tool=Bash
[2026-04-25T16:29:12] SNAPSHOT TASK-J002-018: elapsed=120s, phase=Player invocation, files_changed=0, last_tool=Bash
[2026-04-25T16:30:12] SNAPSHOT TASK-J002-018: elapsed=180s, phase=Player invocation, files_changed=1, last_tool=Bash
[2026-04-25T16:30:39] COMPLETE TASK-J002-018: elapsed=211s, decision=approved, snapshots=3
