[2026-04-24T12:30:15] START TASK-J002-014: task-work implementation
[2026-04-24T12:31:15] SNAPSHOT TASK-J002-014: elapsed=60s, phase=task-work implementation, files_changed=0, last_tool=Grep
[2026-04-24T12:32:15] SNAPSHOT TASK-J002-014: elapsed=120s, phase=task-work implementation, files_changed=0, last_tool=Bash
[2026-04-24T12:33:15] SNAPSHOT TASK-J002-014: elapsed=180s, phase=task-work implementation, files_changed=0, last_tool=TodoWrite
[2026-04-24T12:34:15] SNAPSHOT TASK-J002-014: elapsed=240s, phase=task-work implementation, files_changed=1, last_tool=Bash
[2026-04-24T12:35:15] SNAPSHOT TASK-J002-014: elapsed=300s, phase=task-work implementation, files_changed=2, last_tool=Edit
[2026-04-24T12:36:15] SNAPSHOT TASK-J002-014: elapsed=360s, phase=task-work implementation, files_changed=3, last_tool=Bash
[2026-04-24T12:37:15] SNAPSHOT TASK-J002-014: elapsed=420s, phase=task-work implementation, files_changed=3, last_tool=Bash
[2026-04-24T12:38:15] SNAPSHOT TASK-J002-014: elapsed=480s, phase=task-work implementation, files_changed=3, last_tool=Bash
[2026-04-24T12:39:15] SNAPSHOT TASK-J002-014: elapsed=540s, phase=task-work implementation, files_changed=3, last_tool=Bash
[2026-04-24T12:40:15] SNAPSHOT TASK-J002-014: elapsed=600s, phase=task-work implementation, files_changed=5, last_tool=Bash
[2026-04-24T12:41:15] SNAPSHOT TASK-J002-014: elapsed=660s, phase=task-work implementation, files_changed=7, last_tool=Edit
[2026-04-24T12:42:15] SNAPSHOT TASK-J002-014: elapsed=720s, phase=task-work implementation, files_changed=7, last_tool=Bash
[2026-04-24T12:43:15] SNAPSHOT TASK-J002-014: elapsed=780s, phase=task-work implementation, files_changed=7, last_tool=Bash
[2026-04-24T12:44:15] SNAPSHOT TASK-J002-014: elapsed=840s, phase=task-work implementation, files_changed=7, last_tool=Bash
[2026-04-24T12:45:01] COMPLETE TASK-J002-014: elapsed=890s, decision=approved, snapshots=14
[2026-04-24T18:35:37] START TASK-J002-014: task-work implementation
[2026-04-24T18:36:37] SNAPSHOT TASK-J002-014: elapsed=60s, phase=task-work implementation, files_changed=0, last_tool=Bash
[2026-04-24T18:37:37] SNAPSHOT TASK-J002-014: elapsed=120s, phase=task-work implementation, files_changed=0, last_tool=Bash
[2026-04-24T18:38:37] SNAPSHOT TASK-J002-014: elapsed=180s, phase=task-work implementation, files_changed=0, last_tool=Read
[2026-04-24T18:39:37] SNAPSHOT TASK-J002-014: elapsed=240s, phase=task-work implementation, files_changed=0, last_tool=Read
[2026-04-24T18:40:37] SNAPSHOT TASK-J002-014: elapsed=300s, phase=task-work implementation, files_changed=0, last_tool=Bash
[2026-04-24T18:41:37] SNAPSHOT TASK-J002-014: elapsed=360s, phase=task-work implementation, files_changed=1, last_tool=Bash
[2026-04-24T18:42:37] SNAPSHOT TASK-J002-014: elapsed=420s, phase=task-work implementation, files_changed=4, last_tool=Bash
[2026-04-24T18:43:37] SNAPSHOT TASK-J002-014: elapsed=480s, phase=task-work implementation, files_changed=5, last_tool=Bash
[2026-04-24T18:44:37] SNAPSHOT TASK-J002-014: elapsed=540s, phase=task-work implementation, files_changed=5, last_tool=Bash
[2026-04-24T18:45:37] SNAPSHOT TASK-J002-014: elapsed=600s, phase=task-work implementation, files_changed=5, last_tool=Bash
[2026-04-24T18:45:49] START TASK-J002-014: task-work implementation
[2026-04-24T18:46:49] SNAPSHOT TASK-J002-014: elapsed=60s, phase=task-work implementation, files_changed=0, last_tool=Bash
[2026-04-24T18:47:49] SNAPSHOT TASK-J002-014: elapsed=120s, phase=task-work implementation, files_changed=0, last_tool=Bash
[2026-04-24T18:48:49] SNAPSHOT TASK-J002-014: elapsed=180s, phase=task-work implementation, files_changed=0, last_tool=Bash
[2026-04-24T18:49:49] SNAPSHOT TASK-J002-014: elapsed=240s, phase=task-work implementation, files_changed=0, last_tool=Bash
[2026-04-24T18:50:49] SNAPSHOT TASK-J002-014: elapsed=300s, phase=task-work implementation, files_changed=0, last_tool=Bash
[2026-04-24T18:51:49] SNAPSHOT TASK-J002-014: elapsed=360s, phase=task-work implementation, files_changed=0, last_tool=Bash
[2026-04-24T18:52:27] START TASK-J002-014: task-work implementation
[2026-04-24T18:53:27] SNAPSHOT TASK-J002-014: elapsed=60s, phase=task-work implementation, files_changed=0, last_tool=Bash
[2026-04-24T18:54:27] SNAPSHOT TASK-J002-014: elapsed=120s, phase=task-work implementation, files_changed=0, last_tool=Grep
[2026-04-24T18:55:27] SNAPSHOT TASK-J002-014: elapsed=180s, phase=task-work implementation, files_changed=0, last_tool=Bash
[2026-04-24T18:56:27] SNAPSHOT TASK-J002-014: elapsed=240s, phase=task-work implementation, files_changed=1, last_tool=Write
[2026-04-24T18:56:37] COMPLETE TASK-J002-014: elapsed=1263s, decision=unrecoverable_stall, snapshots=4
[2026-04-24T20:17:21] START TASK-J002-014: task-work implementation
[2026-04-24T20:18:21] SNAPSHOT TASK-J002-014: elapsed=60s, phase=task-work implementation, files_changed=0, last_tool=Bash
[2026-04-24T20:19:21] SNAPSHOT TASK-J002-014: elapsed=120s, phase=task-work implementation, files_changed=0, last_tool=Bash
[2026-04-24T20:20:21] SNAPSHOT TASK-J002-014: elapsed=180s, phase=task-work implementation, files_changed=0, last_tool=Read
[2026-04-24T20:21:21] SNAPSHOT TASK-J002-014: elapsed=240s, phase=task-work implementation, files_changed=0, last_tool=Bash
[2026-04-24T20:22:21] SNAPSHOT TASK-J002-014: elapsed=300s, phase=task-work implementation, files_changed=1, last_tool=Read
[2026-04-24T20:22:51] START TASK-J002-014: task-work implementation
[2026-04-24T20:23:51] SNAPSHOT TASK-J002-014: elapsed=60s, phase=task-work implementation, files_changed=0, last_tool=Read
[2026-04-24T20:24:51] SNAPSHOT TASK-J002-014: elapsed=120s, phase=task-work implementation, files_changed=0, last_tool=Bash
[2026-04-24T20:25:51] SNAPSHOT TASK-J002-014: elapsed=180s, phase=task-work implementation, files_changed=1, last_tool=Grep
[2026-04-24T20:26:51] SNAPSHOT TASK-J002-014: elapsed=240s, phase=task-work implementation, files_changed=1, last_tool=Grep
[2026-04-24T20:27:51] SNAPSHOT TASK-J002-014: elapsed=300s, phase=task-work implementation, files_changed=1, last_tool=Read
[2026-04-24T20:28:51] SNAPSHOT TASK-J002-014: elapsed=360s, phase=task-work implementation, files_changed=1, last_tool=Read
[2026-04-24T20:29:31] COMPLETE TASK-J002-014: elapsed=732s, decision=unrecoverable_stall, snapshots=6
[2026-04-24T20:51:48] START TASK-J002-014: task-work implementation
[2026-04-24T20:52:48] SNAPSHOT TASK-J002-014: elapsed=60s, phase=task-work implementation, files_changed=0, last_tool=Bash
[2026-04-24T20:53:48] SNAPSHOT TASK-J002-014: elapsed=120s, phase=task-work implementation, files_changed=0, last_tool=Grep
[2026-04-24T20:54:48] SNAPSHOT TASK-J002-014: elapsed=180s, phase=task-work implementation, files_changed=0, last_tool=Read
[2026-04-24T20:55:48] SNAPSHOT TASK-J002-014: elapsed=240s, phase=task-work implementation, files_changed=1, last_tool=Write
[2026-04-24T20:56:48] SNAPSHOT TASK-J002-014: elapsed=300s, phase=task-work implementation, files_changed=1, last_tool=Read
[2026-04-24T20:57:48] SNAPSHOT TASK-J002-014: elapsed=360s, phase=task-work implementation, files_changed=1, last_tool=Bash
[2026-04-24T20:58:48] SNAPSHOT TASK-J002-014: elapsed=420s, phase=task-work implementation, files_changed=1, last_tool=Read
[2026-04-24T20:59:48] SNAPSHOT TASK-J002-014: elapsed=480s, phase=task-work implementation, files_changed=1, last_tool=Read
[2026-04-24T21:00:48] SNAPSHOT TASK-J002-014: elapsed=540s, phase=task-work implementation, files_changed=5, last_tool=Read
[2026-04-24T21:01:48] SNAPSHOT TASK-J002-014: elapsed=600s, phase=task-work implementation, files_changed=6, last_tool=Bash
[2026-04-24T21:02:48] SNAPSHOT TASK-J002-014: elapsed=660s, phase=task-work implementation, files_changed=8, last_tool=Edit
[2026-04-24T21:03:48] SNAPSHOT TASK-J002-014: elapsed=720s, phase=task-work implementation, files_changed=9, last_tool=Bash
[2026-04-24T21:04:48] SNAPSHOT TASK-J002-014: elapsed=780s, phase=task-work implementation, files_changed=10, last_tool=Edit
[2026-04-24T21:05:48] SNAPSHOT TASK-J002-014: elapsed=840s, phase=task-work implementation, files_changed=11, last_tool=Edit
[2026-04-24T21:06:48] SNAPSHOT TASK-J002-014: elapsed=900s, phase=task-work implementation, files_changed=12, last_tool=Bash
[2026-04-24T21:07:48] SNAPSHOT TASK-J002-014: elapsed=960s, phase=task-work implementation, files_changed=15, last_tool=Grep
[2026-04-24T21:08:48] SNAPSHOT TASK-J002-014: elapsed=1020s, phase=task-work implementation, files_changed=16, last_tool=Bash
[2026-04-24T21:09:48] SNAPSHOT TASK-J002-014: elapsed=1080s, phase=task-work implementation, files_changed=16, last_tool=Bash
[2026-04-24T21:10:48] SNAPSHOT TASK-J002-014: elapsed=1140s, phase=task-work implementation, files_changed=16, last_tool=Bash
[2026-04-24T21:11:48] SNAPSHOT TASK-J002-014: elapsed=1200s, phase=task-work implementation, files_changed=16, last_tool=Read
[2026-04-24T21:12:48] SNAPSHOT TASK-J002-014: elapsed=1260s, phase=task-work implementation, files_changed=16, last_tool=Bash
[2026-04-24T21:13:48] SNAPSHOT TASK-J002-014: elapsed=1320s, phase=task-work implementation, files_changed=16, last_tool=Bash
[2026-04-24T21:14:48] SNAPSHOT TASK-J002-014: elapsed=1380s, phase=task-work implementation, files_changed=16, last_tool=Bash
[2026-04-24T21:15:48] SNAPSHOT TASK-J002-014: elapsed=1440s, phase=task-work implementation, files_changed=16, last_tool=Bash
[2026-04-24T21:16:48] SNAPSHOT TASK-J002-014: elapsed=1500s, phase=task-work implementation, files_changed=17, last_tool=Write
[2026-04-24T21:16:53] START TASK-J002-014: task-work implementation
[2026-04-24T21:17:53] SNAPSHOT TASK-J002-014: elapsed=60s, phase=task-work implementation, files_changed=0, last_tool=Agent
[2026-04-24T21:18:53] SNAPSHOT TASK-J002-014: elapsed=120s, phase=task-work implementation, files_changed=0, last_tool=Bash
[2026-04-24T21:19:53] SNAPSHOT TASK-J002-014: elapsed=180s, phase=task-work implementation, files_changed=0, last_tool=Bash
[2026-04-24T21:20:53] SNAPSHOT TASK-J002-014: elapsed=240s, phase=task-work implementation, files_changed=1, last_tool=Write
[2026-04-24T21:20:56] START TASK-J002-014: task-work implementation
[2026-04-24T21:21:56] SNAPSHOT TASK-J002-014: elapsed=60s, phase=task-work implementation, files_changed=0, last_tool=Bash
[2026-04-24T21:22:56] SNAPSHOT TASK-J002-014: elapsed=120s, phase=task-work implementation, files_changed=0, last_tool=Read
[2026-04-24T21:23:56] SNAPSHOT TASK-J002-014: elapsed=180s, phase=task-work implementation, files_changed=0, last_tool=Read
[2026-04-24T21:24:45] COMPLETE TASK-J002-014: elapsed=1981s, decision=unrecoverable_stall, snapshots=3
[2026-04-25T16:27:12] START TASK-J002-014: task-work implementation
[2026-04-25T16:28:12] SNAPSHOT TASK-J002-014: elapsed=60s, phase=task-work implementation, files_changed=0, last_tool=Read
[2026-04-25T16:29:12] SNAPSHOT TASK-J002-014: elapsed=120s, phase=task-work implementation, files_changed=0, last_tool=Bash
[2026-04-25T16:30:12] SNAPSHOT TASK-J002-014: elapsed=180s, phase=task-work implementation, files_changed=0, last_tool=Read
[2026-04-25T16:31:12] SNAPSHOT TASK-J002-014: elapsed=240s, phase=task-work implementation, files_changed=0, last_tool=Read
[2026-04-25T16:32:12] SNAPSHOT TASK-J002-014: elapsed=300s, phase=task-work implementation, files_changed=1, last_tool=Write
[2026-04-25T16:33:12] SNAPSHOT TASK-J002-014: elapsed=360s, phase=task-work implementation, files_changed=1, last_tool=Bash
[2026-04-25T16:34:12] SNAPSHOT TASK-J002-014: elapsed=420s, phase=task-work implementation, files_changed=3, last_tool=Edit
[2026-04-25T16:35:12] SNAPSHOT TASK-J002-014: elapsed=480s, phase=task-work implementation, files_changed=5, last_tool=Bash
[2026-04-25T16:36:12] SNAPSHOT TASK-J002-014: elapsed=540s, phase=task-work implementation, files_changed=5, last_tool=Bash
[2026-04-25T16:36:58] START TASK-J002-014: Player invocation
[2026-04-25T16:37:58] SNAPSHOT TASK-J002-014: elapsed=60s, phase=Player invocation, files_changed=0, last_tool=Bash
[2026-04-25T16:38:22] START TASK-J002-014: Coach invocation
[2026-04-25T16:39:22] SNAPSHOT TASK-J002-014: elapsed=60s, phase=Coach invocation, files_changed=0, last_tool=Grep
[2026-04-25T16:40:22] SNAPSHOT TASK-J002-014: elapsed=120s, phase=Coach invocation, files_changed=0, last_tool=Bash
[2026-04-25T16:41:22] SNAPSHOT TASK-J002-014: elapsed=180s, phase=Coach invocation, files_changed=0, last_tool=Bash
[2026-04-25T16:42:22] SNAPSHOT TASK-J002-014: elapsed=240s, phase=Coach invocation, files_changed=0, last_tool=Bash
[2026-04-25T16:43:22] SNAPSHOT TASK-J002-014: elapsed=300s, phase=Coach invocation, files_changed=0, last_tool=Bash
[2026-04-25T16:44:22] SNAPSHOT TASK-J002-014: elapsed=360s, phase=Coach invocation, files_changed=0, last_tool=Bash
[2026-04-25T16:45:22] SNAPSHOT TASK-J002-014: elapsed=420s, phase=Coach invocation, files_changed=0, last_tool=Bash
[2026-04-25T16:46:22] SNAPSHOT TASK-J002-014: elapsed=480s, phase=Coach invocation, files_changed=0, last_tool=Bash
[2026-04-25T16:47:22] SNAPSHOT TASK-J002-014: elapsed=540s, phase=Coach invocation, files_changed=0, last_tool=Bash
[2026-04-25T16:48:22] SNAPSHOT TASK-J002-014: elapsed=600s, phase=Coach invocation, files_changed=0, last_tool=Bash
[2026-04-25T16:49:22] SNAPSHOT TASK-J002-014: elapsed=660s, phase=Coach invocation, files_changed=0, last_tool=Bash
[2026-04-25T16:50:21] START TASK-J002-014: task-work implementation
[2026-04-25T16:51:21] SNAPSHOT TASK-J002-014: elapsed=60s, phase=task-work implementation, files_changed=3, last_tool=Bash
[2026-04-25T16:52:21] SNAPSHOT TASK-J002-014: elapsed=120s, phase=task-work implementation, files_changed=3, last_tool=Bash
[2026-04-25T16:53:05] START TASK-J002-014: Player invocation
[2026-04-25T16:54:05] SNAPSHOT TASK-J002-014: elapsed=60s, phase=Player invocation, files_changed=0, last_tool=Bash
[2026-04-25T16:54:38] START TASK-J002-014: Coach invocation
[2026-04-25T16:55:38] SNAPSHOT TASK-J002-014: elapsed=60s, phase=Coach invocation, files_changed=0, last_tool=Bash
[2026-04-25T16:56:38] SNAPSHOT TASK-J002-014: elapsed=120s, phase=Coach invocation, files_changed=0, last_tool=Bash
[2026-04-25T16:57:38] SNAPSHOT TASK-J002-014: elapsed=180s, phase=Coach invocation, files_changed=0, last_tool=Bash
[2026-04-25T16:58:38] SNAPSHOT TASK-J002-014: elapsed=240s, phase=Coach invocation, files_changed=0, last_tool=Bash
[2026-04-25T16:59:38] SNAPSHOT TASK-J002-014: elapsed=300s, phase=Coach invocation, files_changed=0, last_tool=Read
[2026-04-25T16:59:59] COMPLETE TASK-J002-014: elapsed=1971s, decision=approved, snapshots=5
