[2026-04-24T12:23:48] START TASK-J002-007: Player invocation
[2026-04-24T12:24:48] SNAPSHOT TASK-J002-007: elapsed=60s, phase=Player invocation, files_changed=0, last_tool=Bash
[2026-04-24T12:25:48] SNAPSHOT TASK-J002-007: elapsed=120s, phase=Player invocation, files_changed=1, last_tool=TodoWrite
[2026-04-24T12:26:48] SNAPSHOT TASK-J002-007: elapsed=180s, phase=Player invocation, files_changed=2, last_tool=Bash
[2026-04-24T12:27:48] SNAPSHOT TASK-J002-007: elapsed=240s, phase=Player invocation, files_changed=4, last_tool=Bash
[2026-04-24T12:28:48] SNAPSHOT TASK-J002-007: elapsed=300s, phase=Player invocation, files_changed=5, last_tool=Bash
[2026-04-24T12:29:48] SNAPSHOT TASK-J002-007: elapsed=360s, phase=Player invocation, files_changed=6, last_tool=TodoWrite
[2026-04-24T12:30:08] COMPLETE TASK-J002-007: elapsed=385s, decision=approved, snapshots=6
[2026-04-24T18:28:15] START TASK-J002-007: Player invocation
[2026-04-24T18:29:15] SNAPSHOT TASK-J002-007: elapsed=60s, phase=Player invocation, files_changed=0, last_tool=Bash
[2026-04-24T18:30:15] SNAPSHOT TASK-J002-007: elapsed=120s, phase=Player invocation, files_changed=0, last_tool=Read
[2026-04-24T18:31:15] SNAPSHOT TASK-J002-007: elapsed=180s, phase=Player invocation, files_changed=0, last_tool=Read
[2026-04-24T18:32:15] SNAPSHOT TASK-J002-007: elapsed=240s, phase=Player invocation, files_changed=2, last_tool=Bash
[2026-04-24T18:33:15] SNAPSHOT TASK-J002-007: elapsed=300s, phase=Player invocation, files_changed=4, last_tool=Bash
[2026-04-24T18:34:15] SNAPSHOT TASK-J002-007: elapsed=360s, phase=Player invocation, files_changed=4, last_tool=Bash
[2026-04-24T18:34:34] COMPLETE TASK-J002-007: elapsed=384s, decision=approved, snapshots=6
[2026-04-24T20:32:30] START TASK-J002-007: Player invocation
[2026-04-24T20:33:30] SNAPSHOT TASK-J002-007: elapsed=60s, phase=Player invocation, files_changed=0, last_tool=Read
[2026-04-24T20:34:30] SNAPSHOT TASK-J002-007: elapsed=120s, phase=Player invocation, files_changed=0, last_tool=Bash
[2026-04-24T20:35:30] SNAPSHOT TASK-J002-007: elapsed=180s, phase=Player invocation, files_changed=0, last_tool=Bash
[2026-04-24T20:36:30] SNAPSHOT TASK-J002-007: elapsed=240s, phase=Player invocation, files_changed=1, last_tool=Write
[2026-04-24T20:37:30] SNAPSHOT TASK-J002-007: elapsed=300s, phase=Player invocation, files_changed=2, last_tool=Read
[2026-04-24T20:38:30] SNAPSHOT TASK-J002-007: elapsed=360s, phase=Player invocation, files_changed=3, last_tool=Bash
[2026-04-24T20:39:30] SNAPSHOT TASK-J002-007: elapsed=420s, phase=Player invocation, files_changed=4, last_tool=Bash
[2026-04-24T20:40:30] SNAPSHOT TASK-J002-007: elapsed=480s, phase=Player invocation, files_changed=6, last_tool=Bash
[2026-04-24T20:41:30] SNAPSHOT TASK-J002-007: elapsed=540s, phase=Player invocation, files_changed=6, last_tool=Bash
[2026-04-24T20:42:30] SNAPSHOT TASK-J002-007: elapsed=600s, phase=Player invocation, files_changed=7, last_tool=Write
[2026-04-24T20:43:30] SNAPSHOT TASK-J002-007: elapsed=660s, phase=Player invocation, files_changed=7, last_tool=Write
[2026-04-24T20:44:30] SNAPSHOT TASK-J002-007: elapsed=720s, phase=Player invocation, files_changed=7, last_tool=Write
[2026-04-24T20:45:30] SNAPSHOT TASK-J002-007: elapsed=780s, phase=Player invocation, files_changed=7, last_tool=Write
[2026-04-24T20:46:30] SNAPSHOT TASK-J002-007: elapsed=840s, phase=Player invocation, files_changed=7, last_tool=Write
[2026-04-24T20:47:30] SNAPSHOT TASK-J002-007: elapsed=900s, phase=Player invocation, files_changed=7, last_tool=Write
[2026-04-24T20:48:30] SNAPSHOT TASK-J002-007: elapsed=960s, phase=Player invocation, files_changed=7, last_tool=Write
[2026-04-24T20:49:30] SNAPSHOT TASK-J002-007: elapsed=1020s, phase=Player invocation, files_changed=7, last_tool=Write
[2026-04-24T20:50:30] SNAPSHOT TASK-J002-007: elapsed=1080s, phase=Player invocation, files_changed=7, last_tool=Write
[2026-04-24T20:51:30] SNAPSHOT TASK-J002-007: elapsed=1140s, phase=Player invocation, files_changed=7, last_tool=Write
[2026-04-24T20:51:41] COMPLETE TASK-J002-007: elapsed=1156s, decision=approved, snapshots=19
[2026-04-25T16:18:51] START TASK-J002-007: Player invocation
[2026-04-25T16:19:51] SNAPSHOT TASK-J002-007: elapsed=60s, phase=Player invocation, files_changed=0, last_tool=Read
[2026-04-25T16:20:51] SNAPSHOT TASK-J002-007: elapsed=120s, phase=Player invocation, files_changed=0, last_tool=Read
[2026-04-25T16:21:51] SNAPSHOT TASK-J002-007: elapsed=180s, phase=Player invocation, files_changed=0, last_tool=Read
[2026-04-25T16:22:51] SNAPSHOT TASK-J002-007: elapsed=240s, phase=Player invocation, files_changed=2, last_tool=Write
[2026-04-25T16:23:51] SNAPSHOT TASK-J002-007: elapsed=300s, phase=Player invocation, files_changed=4, last_tool=Bash
[2026-04-25T16:24:51] SNAPSHOT TASK-J002-007: elapsed=360s, phase=Player invocation, files_changed=4, last_tool=Bash
[2026-04-25T16:25:51] SNAPSHOT TASK-J002-007: elapsed=420s, phase=Player invocation, files_changed=5, last_tool=Write
[2026-04-25T16:26:04] COMPLETE TASK-J002-007: elapsed=437s, decision=approved, snapshots=7
