[2026-04-24T12:30:15] START TASK-J002-008: task-work implementation
[2026-04-24T12:31:15] SNAPSHOT TASK-J002-008: elapsed=60s, phase=task-work implementation, files_changed=0, last_tool=Read
[2026-04-24T12:32:15] SNAPSHOT TASK-J002-008: elapsed=120s, phase=task-work implementation, files_changed=0, last_tool=Grep
[2026-04-24T12:33:15] SNAPSHOT TASK-J002-008: elapsed=180s, phase=task-work implementation, files_changed=2, last_tool=Bash
[2026-04-24T12:34:15] SNAPSHOT TASK-J002-008: elapsed=240s, phase=task-work implementation, files_changed=5, last_tool=Bash
[2026-04-24T12:35:15] SNAPSHOT TASK-J002-008: elapsed=300s, phase=task-work implementation, files_changed=6, last_tool=Edit
[2026-04-24T12:36:15] SNAPSHOT TASK-J002-008: elapsed=360s, phase=task-work implementation, files_changed=8, last_tool=Read
[2026-04-24T12:37:15] SNAPSHOT TASK-J002-008: elapsed=420s, phase=task-work implementation, files_changed=11, last_tool=Bash
[2026-04-24T12:38:15] SNAPSHOT TASK-J002-008: elapsed=480s, phase=task-work implementation, files_changed=11, last_tool=Bash
[2026-04-24T12:39:15] SNAPSHOT TASK-J002-008: elapsed=540s, phase=task-work implementation, files_changed=11, last_tool=Bash
[2026-04-24T12:40:06] START TASK-J002-008: task-work implementation
[2026-04-24T12:41:06] SNAPSHOT TASK-J002-008: elapsed=60s, phase=task-work implementation, files_changed=0, last_tool=Bash
[2026-04-24T12:42:06] SNAPSHOT TASK-J002-008: elapsed=120s, phase=task-work implementation, files_changed=0, last_tool=TodoWrite
[2026-04-24T12:42:54] START TASK-J002-008: task-work implementation
[2026-04-24T12:43:54] SNAPSHOT TASK-J002-008: elapsed=60s, phase=task-work implementation, files_changed=0, last_tool=Read
[2026-04-24T12:44:54] SNAPSHOT TASK-J002-008: elapsed=120s, phase=task-work implementation, files_changed=3, last_tool=Bash
[2026-04-24T12:45:54] SNAPSHOT TASK-J002-008: elapsed=180s, phase=task-work implementation, files_changed=5, last_tool=Bash
[2026-04-24T12:46:54] SNAPSHOT TASK-J002-008: elapsed=240s, phase=task-work implementation, files_changed=6, last_tool=TodoWrite
[2026-04-24T12:47:02] START TASK-J002-008: task-work implementation
[2026-04-24T12:48:02] SNAPSHOT TASK-J002-008: elapsed=60s, phase=task-work implementation, files_changed=0, last_tool=Bash
[2026-04-24T12:49:02] SNAPSHOT TASK-J002-008: elapsed=120s, phase=task-work implementation, files_changed=0, last_tool=Bash
[2026-04-24T12:50:02] SNAPSHOT TASK-J002-008: elapsed=180s, phase=task-work implementation, files_changed=0, last_tool=Grep
[2026-04-24T12:51:02] SNAPSHOT TASK-J002-008: elapsed=240s, phase=task-work implementation, files_changed=0, last_tool=TodoWrite
[2026-04-24T12:51:43] START TASK-J002-008: task-work implementation
[2026-04-24T12:52:43] SNAPSHOT TASK-J002-008: elapsed=60s, phase=task-work implementation, files_changed=1, last_tool=Edit
[2026-04-24T12:53:43] SNAPSHOT TASK-J002-008: elapsed=120s, phase=task-work implementation, files_changed=3, last_tool=Bash
[2026-04-24T12:54:43] SNAPSHOT TASK-J002-008: elapsed=180s, phase=task-work implementation, files_changed=3, last_tool=Bash
[2026-04-24T12:55:15] START TASK-J002-008: task-work implementation
[2026-04-24T12:56:15] SNAPSHOT TASK-J002-008: elapsed=60s, phase=task-work implementation, files_changed=0, last_tool=Bash
[2026-04-24T12:57:15] SNAPSHOT TASK-J002-008: elapsed=120s, phase=task-work implementation, files_changed=0, last_tool=Read
[2026-04-24T12:57:39] COMPLETE TASK-J002-008: elapsed=1648s, decision=unrecoverable_stall, snapshots=2
[2026-04-24T18:35:37] START TASK-J002-008: task-work implementation
[2026-04-24T18:36:37] SNAPSHOT TASK-J002-008: elapsed=60s, phase=task-work implementation, files_changed=0, last_tool=Read
[2026-04-24T18:37:37] SNAPSHOT TASK-J002-008: elapsed=120s, phase=task-work implementation, files_changed=0, last_tool=Read
[2026-04-24T18:38:37] SNAPSHOT TASK-J002-008: elapsed=180s, phase=task-work implementation, files_changed=0, last_tool=Read
[2026-04-24T18:39:37] SNAPSHOT TASK-J002-008: elapsed=240s, phase=task-work implementation, files_changed=0, last_tool=Read
[2026-04-24T18:40:37] SNAPSHOT TASK-J002-008: elapsed=300s, phase=task-work implementation, files_changed=0, last_tool=Read
[2026-04-24T18:41:37] SNAPSHOT TASK-J002-008: elapsed=360s, phase=task-work implementation, files_changed=2, last_tool=Edit
[2026-04-24T18:42:37] SNAPSHOT TASK-J002-008: elapsed=420s, phase=task-work implementation, files_changed=4, last_tool=Bash
[2026-04-24T18:43:37] SNAPSHOT TASK-J002-008: elapsed=480s, phase=task-work implementation, files_changed=5, last_tool=Bash
[2026-04-24T18:44:37] SNAPSHOT TASK-J002-008: elapsed=540s, phase=task-work implementation, files_changed=5, last_tool=Bash
[2026-04-24T18:45:37] SNAPSHOT TASK-J002-008: elapsed=600s, phase=task-work implementation, files_changed=5, last_tool=Bash
[2026-04-24T18:46:37] SNAPSHOT TASK-J002-008: elapsed=660s, phase=task-work implementation, files_changed=7, last_tool=Edit
[2026-04-24T18:47:37] SNAPSHOT TASK-J002-008: elapsed=720s, phase=task-work implementation, files_changed=8, last_tool=Read
[2026-04-24T18:48:37] SNAPSHOT TASK-J002-008: elapsed=780s, phase=task-work implementation, files_changed=9, last_tool=Bash
[2026-04-24T18:49:37] SNAPSHOT TASK-J002-008: elapsed=840s, phase=task-work implementation, files_changed=9, last_tool=Bash
[2026-04-24T18:50:39] START TASK-J002-008: task-work implementation
[2026-04-24T18:51:39] SNAPSHOT TASK-J002-008: elapsed=60s, phase=task-work implementation, files_changed=0, last_tool=Bash
[2026-04-24T18:52:39] SNAPSHOT TASK-J002-008: elapsed=120s, phase=task-work implementation, files_changed=0, last_tool=Bash
[2026-04-24T18:53:39] SNAPSHOT TASK-J002-008: elapsed=180s, phase=task-work implementation, files_changed=0, last_tool=Bash
[2026-04-24T18:54:21] START TASK-J002-008: task-work implementation
[2026-04-24T18:55:21] SNAPSHOT TASK-J002-008: elapsed=60s, phase=task-work implementation, files_changed=0, last_tool=Agent
[2026-04-24T18:56:21] SNAPSHOT TASK-J002-008: elapsed=120s, phase=task-work implementation, files_changed=0, last_tool=Read
[2026-04-24T18:57:10] START TASK-J002-008: task-work implementation
[2026-04-24T18:58:10] SNAPSHOT TASK-J002-008: elapsed=60s, phase=task-work implementation, files_changed=0, last_tool=Grep
[2026-04-24T18:59:10] SNAPSHOT TASK-J002-008: elapsed=120s, phase=task-work implementation, files_changed=0, last_tool=Read
[2026-04-24T19:00:10] SNAPSHOT TASK-J002-008: elapsed=180s, phase=task-work implementation, files_changed=0, last_tool=Read
[2026-04-24T19:01:10] SNAPSHOT TASK-J002-008: elapsed=240s, phase=task-work implementation, files_changed=0, last_tool=Read
[2026-04-24T19:02:10] SNAPSHOT TASK-J002-008: elapsed=300s, phase=task-work implementation, files_changed=0, last_tool=Grep
[2026-04-24T19:03:01] START TASK-J002-008: task-work implementation
[2026-04-24T19:04:01] SNAPSHOT TASK-J002-008: elapsed=60s, phase=task-work implementation, files_changed=0, last_tool=Bash
[2026-04-24T19:05:01] SNAPSHOT TASK-J002-008: elapsed=120s, phase=task-work implementation, files_changed=0, last_tool=Bash
[2026-04-24T19:05:27] START TASK-J002-008: task-work implementation
[2026-04-24T19:06:27] SNAPSHOT TASK-J002-008: elapsed=60s, phase=task-work implementation, files_changed=0, last_tool=Read
[2026-04-24T19:07:27] SNAPSHOT TASK-J002-008: elapsed=120s, phase=task-work implementation, files_changed=0, last_tool=Read
[2026-04-24T19:08:27] SNAPSHOT TASK-J002-008: elapsed=180s, phase=task-work implementation, files_changed=0, last_tool=Read
[2026-04-24T19:08:54] COMPLETE TASK-J002-008: elapsed=2000s, decision=timeout_budget_exhausted, snapshots=3
[2026-04-24T20:17:21] START TASK-J002-008: task-work implementation
[2026-04-24T20:18:21] SNAPSHOT TASK-J002-008: elapsed=60s, phase=task-work implementation, files_changed=0, last_tool=Read
[2026-04-24T20:19:21] SNAPSHOT TASK-J002-008: elapsed=120s, phase=task-work implementation, files_changed=0, last_tool=Bash
[2026-04-24T20:20:21] SNAPSHOT TASK-J002-008: elapsed=180s, phase=task-work implementation, files_changed=0, last_tool=Read
[2026-04-24T20:21:21] SNAPSHOT TASK-J002-008: elapsed=240s, phase=task-work implementation, files_changed=0, last_tool=Bash
[2026-04-24T20:22:21] SNAPSHOT TASK-J002-008: elapsed=300s, phase=task-work implementation, files_changed=1, last_tool=Bash
[2026-04-24T20:23:21] SNAPSHOT TASK-J002-008: elapsed=360s, phase=task-work implementation, files_changed=3, last_tool=Bash
[2026-04-24T20:24:21] SNAPSHOT TASK-J002-008: elapsed=420s, phase=task-work implementation, files_changed=4, last_tool=Write
[2026-04-24T20:24:29] START TASK-J002-008: task-work implementation
[2026-04-24T20:25:29] SNAPSHOT TASK-J002-008: elapsed=60s, phase=task-work implementation, files_changed=0, last_tool=Read
[2026-04-24T20:26:29] SNAPSHOT TASK-J002-008: elapsed=120s, phase=task-work implementation, files_changed=0, last_tool=Bash
[2026-04-24T20:27:29] SNAPSHOT TASK-J002-008: elapsed=180s, phase=task-work implementation, files_changed=0, last_tool=Bash
[2026-04-24T20:28:22] START TASK-J002-008: task-work implementation
[2026-04-24T20:29:22] SNAPSHOT TASK-J002-008: elapsed=60s, phase=task-work implementation, files_changed=0, last_tool=Read
[2026-04-24T20:30:22] SNAPSHOT TASK-J002-008: elapsed=120s, phase=task-work implementation, files_changed=0, last_tool=ToolSearch
[2026-04-24T20:31:22] SNAPSHOT TASK-J002-008: elapsed=180s, phase=task-work implementation, files_changed=0, last_tool=Bash
[2026-04-24T20:32:04] COMPLETE TASK-J002-008: elapsed=885s, decision=cancelled, snapshots=3
[2026-04-24T20:51:48] START TASK-J002-008: task-work implementation
[2026-04-24T20:52:48] SNAPSHOT TASK-J002-008: elapsed=60s, phase=task-work implementation, files_changed=0, last_tool=Read
[2026-04-24T20:53:48] SNAPSHOT TASK-J002-008: elapsed=120s, phase=task-work implementation, files_changed=0, last_tool=Read
[2026-04-24T20:54:48] SNAPSHOT TASK-J002-008: elapsed=180s, phase=task-work implementation, files_changed=0, last_tool=Read
[2026-04-24T20:55:48] SNAPSHOT TASK-J002-008: elapsed=240s, phase=task-work implementation, files_changed=2, last_tool=Read
[2026-04-24T20:56:48] SNAPSHOT TASK-J002-008: elapsed=300s, phase=task-work implementation, files_changed=3, last_tool=Edit
[2026-04-24T20:57:48] SNAPSHOT TASK-J002-008: elapsed=360s, phase=task-work implementation, files_changed=4, last_tool=Read
[2026-04-24T20:58:48] SNAPSHOT TASK-J002-008: elapsed=420s, phase=task-work implementation, files_changed=6, last_tool=Read
[2026-04-24T20:59:48] SNAPSHOT TASK-J002-008: elapsed=480s, phase=task-work implementation, files_changed=7, last_tool=Edit
[2026-04-24T21:00:48] SNAPSHOT TASK-J002-008: elapsed=540s, phase=task-work implementation, files_changed=9, last_tool=Edit
[2026-04-24T21:01:48] SNAPSHOT TASK-J002-008: elapsed=600s, phase=task-work implementation, files_changed=13, last_tool=Bash
[2026-04-24T21:02:48] SNAPSHOT TASK-J002-008: elapsed=660s, phase=task-work implementation, files_changed=19, last_tool=Edit
[2026-04-24T21:03:48] SNAPSHOT TASK-J002-008: elapsed=720s, phase=task-work implementation, files_changed=23, last_tool=Bash
[2026-04-24T21:04:48] SNAPSHOT TASK-J002-008: elapsed=780s, phase=task-work implementation, files_changed=23, last_tool=Bash
[2026-04-24T21:05:48] SNAPSHOT TASK-J002-008: elapsed=840s, phase=task-work implementation, files_changed=23, last_tool=Read
[2026-04-24T21:06:48] SNAPSHOT TASK-J002-008: elapsed=900s, phase=task-work implementation, files_changed=23, last_tool=Bash
[2026-04-24T21:07:48] SNAPSHOT TASK-J002-008: elapsed=960s, phase=task-work implementation, files_changed=24, last_tool=Bash
[2026-04-24T21:08:48] SNAPSHOT TASK-J002-008: elapsed=1020s, phase=task-work implementation, files_changed=24, last_tool=Read
[2026-04-24T21:09:48] SNAPSHOT TASK-J002-008: elapsed=1080s, phase=task-work implementation, files_changed=24, last_tool=Grep
[2026-04-24T21:10:48] SNAPSHOT TASK-J002-008: elapsed=1140s, phase=task-work implementation, files_changed=24, last_tool=Bash
[2026-04-24T21:11:08] START TASK-J002-008: task-work implementation
[2026-04-24T21:12:08] SNAPSHOT TASK-J002-008: elapsed=60s, phase=task-work implementation, files_changed=0, last_tool=Grep
[2026-04-24T21:13:08] SNAPSHOT TASK-J002-008: elapsed=120s, phase=task-work implementation, files_changed=1, last_tool=Bash
[2026-04-24T21:14:08] SNAPSHOT TASK-J002-008: elapsed=180s, phase=task-work implementation, files_changed=1, last_tool=Bash
[2026-04-24T21:15:08] SNAPSHOT TASK-J002-008: elapsed=240s, phase=task-work implementation, files_changed=1, last_tool=Bash
[2026-04-24T21:16:08] SNAPSHOT TASK-J002-008: elapsed=300s, phase=task-work implementation, files_changed=1, last_tool=Bash
[2026-04-24T21:17:08] SNAPSHOT TASK-J002-008: elapsed=360s, phase=task-work implementation, files_changed=1, last_tool=Read
[2026-04-24T21:18:08] SNAPSHOT TASK-J002-008: elapsed=420s, phase=task-work implementation, files_changed=1, last_tool=Bash
[2026-04-24T21:19:08] SNAPSHOT TASK-J002-008: elapsed=480s, phase=task-work implementation, files_changed=2, last_tool=Write
[2026-04-24T21:19:15] START TASK-J002-008: task-work implementation
[2026-04-24T21:20:15] SNAPSHOT TASK-J002-008: elapsed=60s, phase=task-work implementation, files_changed=0, last_tool=Agent
[2026-04-24T21:21:15] SNAPSHOT TASK-J002-008: elapsed=120s, phase=task-work implementation, files_changed=0, last_tool=Bash
[2026-04-24T21:22:15] SNAPSHOT TASK-J002-008: elapsed=180s, phase=task-work implementation, files_changed=0, last_tool=Bash
[2026-04-24T21:23:15] SNAPSHOT TASK-J002-008: elapsed=240s, phase=task-work implementation, files_changed=0, last_tool=Bash
[2026-04-24T21:24:11] COMPLETE TASK-J002-008: elapsed=1946s, decision=unrecoverable_stall, snapshots=4
[2026-04-25T16:27:12] START TASK-J002-008: task-work implementation
[2026-04-25T16:28:12] SNAPSHOT TASK-J002-008: elapsed=60s, phase=task-work implementation, files_changed=0, last_tool=Read
[2026-04-25T16:29:12] SNAPSHOT TASK-J002-008: elapsed=120s, phase=task-work implementation, files_changed=0, last_tool=Read
[2026-04-25T16:30:12] SNAPSHOT TASK-J002-008: elapsed=180s, phase=task-work implementation, files_changed=0, last_tool=Read
[2026-04-25T16:31:12] SNAPSHOT TASK-J002-008: elapsed=240s, phase=task-work implementation, files_changed=1, last_tool=Write
[2026-04-25T16:32:12] SNAPSHOT TASK-J002-008: elapsed=300s, phase=task-work implementation, files_changed=2, last_tool=Read
[2026-04-25T16:33:12] SNAPSHOT TASK-J002-008: elapsed=360s, phase=task-work implementation, files_changed=3, last_tool=Read
[2026-04-25T16:34:12] SNAPSHOT TASK-J002-008: elapsed=420s, phase=task-work implementation, files_changed=4, last_tool=Bash
[2026-04-25T16:35:12] SNAPSHOT TASK-J002-008: elapsed=480s, phase=task-work implementation, files_changed=6, last_tool=Bash
[2026-04-25T16:36:12] SNAPSHOT TASK-J002-008: elapsed=540s, phase=task-work implementation, files_changed=6, last_tool=Bash
[2026-04-25T16:36:59] START TASK-J002-008: Player invocation
[2026-04-25T16:37:59] SNAPSHOT TASK-J002-008: elapsed=60s, phase=Player invocation, files_changed=0, last_tool=Bash
[2026-04-25T16:38:51] START TASK-J002-008: Coach invocation
[2026-04-25T16:39:51] SNAPSHOT TASK-J002-008: elapsed=60s, phase=Coach invocation, files_changed=0, last_tool=Bash
[2026-04-25T16:40:51] SNAPSHOT TASK-J002-008: elapsed=120s, phase=Coach invocation, files_changed=0, last_tool=Bash
[2026-04-25T16:41:51] SNAPSHOT TASK-J002-008: elapsed=180s, phase=Coach invocation, files_changed=0, last_tool=Bash
[2026-04-25T16:42:51] SNAPSHOT TASK-J002-008: elapsed=240s, phase=Coach invocation, files_changed=0, last_tool=Bash
[2026-04-25T16:43:51] SNAPSHOT TASK-J002-008: elapsed=300s, phase=Coach invocation, files_changed=0, last_tool=Read
[2026-04-25T16:44:51] SNAPSHOT TASK-J002-008: elapsed=360s, phase=Coach invocation, files_changed=0, last_tool=Bash
[2026-04-25T16:45:38] COMPLETE TASK-J002-008: elapsed=1110s, decision=approved, snapshots=6
