[2026-04-24T12:23:48] START TASK-J002-004: Player invocation
[2026-04-24T12:24:48] SNAPSHOT TASK-J002-004: elapsed=60s, phase=Player invocation, files_changed=0, last_tool=TodoWrite
[2026-04-24T12:25:48] SNAPSHOT TASK-J002-004: elapsed=120s, phase=Player invocation, files_changed=2, last_tool=TodoWrite
[2026-04-24T12:26:48] SNAPSHOT TASK-J002-004: elapsed=180s, phase=Player invocation, files_changed=4, last_tool=Bash
[2026-04-24T12:27:48] SNAPSHOT TASK-J002-004: elapsed=240s, phase=Player invocation, files_changed=4, last_tool=Bash
[2026-04-24T12:28:48] SNAPSHOT TASK-J002-004: elapsed=300s, phase=Player invocation, files_changed=4, last_tool=Bash
[2026-04-24T12:29:18] COMPLETE TASK-J002-004: elapsed=335s, decision=approved, snapshots=5
[2026-04-24T18:28:15] START TASK-J002-004: Player invocation
[2026-04-24T18:29:15] SNAPSHOT TASK-J002-004: elapsed=60s, phase=Player invocation, files_changed=0, last_tool=Bash
[2026-04-24T18:30:15] SNAPSHOT TASK-J002-004: elapsed=120s, phase=Player invocation, files_changed=2, last_tool=Write
[2026-04-24T18:31:15] SNAPSHOT TASK-J002-004: elapsed=180s, phase=Player invocation, files_changed=3, last_tool=Bash
[2026-04-24T18:32:23] COMPLETE TASK-J002-004: elapsed=252s, decision=approved, snapshots=3
[2026-04-24T20:32:30] START TASK-J002-004: Player invocation
[2026-04-24T20:33:30] SNAPSHOT TASK-J002-004: elapsed=60s, phase=Player invocation, files_changed=0, last_tool=Bash
[2026-04-24T20:34:30] SNAPSHOT TASK-J002-004: elapsed=120s, phase=Player invocation, files_changed=1, last_tool=Write
[2026-04-24T20:35:30] SNAPSHOT TASK-J002-004: elapsed=180s, phase=Player invocation, files_changed=2, last_tool=Bash
[2026-04-24T20:36:30] SNAPSHOT TASK-J002-004: elapsed=240s, phase=Player invocation, files_changed=4, last_tool=Bash
[2026-04-24T20:37:19] COMPLETE TASK-J002-004: elapsed=293s, decision=approved, snapshots=4
[2026-04-25T16:18:51] START TASK-J002-004: Player invocation
[2026-04-25T16:19:51] SNAPSHOT TASK-J002-004: elapsed=60s, phase=Player invocation, files_changed=0, last_tool=Bash
[2026-04-25T16:20:51] SNAPSHOT TASK-J002-004: elapsed=120s, phase=Player invocation, files_changed=2, last_tool=Bash
[2026-04-25T16:21:51] SNAPSHOT TASK-J002-004: elapsed=180s, phase=Player invocation, files_changed=2, last_tool=Bash
[2026-04-25T16:22:39] COMPLETE TASK-J002-004: elapsed=232s, decision=approved, snapshots=3
