[2026-04-24T12:23:48] START TASK-J002-023: Player invocation
[2026-04-24T12:24:48] SNAPSHOT TASK-J002-023: elapsed=60s, phase=Player invocation, files_changed=2, last_tool=WebSearch
[2026-04-24T12:25:48] SNAPSHOT TASK-J002-023: elapsed=120s, phase=Player invocation, files_changed=2, last_tool=Read
[2026-04-24T12:26:48] SNAPSHOT TASK-J002-023: elapsed=180s, phase=Player invocation, files_changed=3, last_tool=TodoWrite
[2026-04-24T12:27:48] SNAPSHOT TASK-J002-023: elapsed=240s, phase=Player invocation, files_changed=4, last_tool=Bash
[2026-04-24T12:28:42] COMPLETE TASK-J002-023: elapsed=299s, decision=approved, snapshots=4
[2026-04-24T18:28:15] START TASK-J002-023: Player invocation
[2026-04-24T18:29:15] SNAPSHOT TASK-J002-023: elapsed=60s, phase=Player invocation, files_changed=0, last_tool=Grep
[2026-04-24T18:30:15] SNAPSHOT TASK-J002-023: elapsed=120s, phase=Player invocation, files_changed=0, last_tool=Bash
[2026-04-24T18:31:15] SNAPSHOT TASK-J002-023: elapsed=180s, phase=Player invocation, files_changed=0, last_tool=Bash
[2026-04-24T18:32:15] SNAPSHOT TASK-J002-023: elapsed=240s, phase=Player invocation, files_changed=0, last_tool=Bash
[2026-04-24T18:33:15] SNAPSHOT TASK-J002-023: elapsed=300s, phase=Player invocation, files_changed=3, last_tool=Read
[2026-04-24T18:34:15] SNAPSHOT TASK-J002-023: elapsed=360s, phase=Player invocation, files_changed=4, last_tool=Bash
[2026-04-24T18:35:15] SNAPSHOT TASK-J002-023: elapsed=420s, phase=Player invocation, files_changed=4, last_tool=Bash
[2026-04-24T18:35:31] COMPLETE TASK-J002-023: elapsed=440s, decision=approved, snapshots=7
[2026-04-24T20:32:30] START TASK-J002-023: Player invocation
[2026-04-24T20:33:30] SNAPSHOT TASK-J002-023: elapsed=60s, phase=Player invocation, files_changed=0, last_tool=Read
[2026-04-24T20:34:30] SNAPSHOT TASK-J002-023: elapsed=120s, phase=Player invocation, files_changed=1, last_tool=TodoWrite
[2026-04-24T20:35:30] SNAPSHOT TASK-J002-023: elapsed=180s, phase=Player invocation, files_changed=2, last_tool=TodoWrite
[2026-04-24T20:36:20] COMPLETE TASK-J002-023: elapsed=234s, decision=approved, snapshots=3
[2026-04-25T16:18:51] START TASK-J002-023: Player invocation
[2026-04-25T16:19:51] SNAPSHOT TASK-J002-023: elapsed=60s, phase=Player invocation, files_changed=0, last_tool=Bash
[2026-04-25T16:20:51] SNAPSHOT TASK-J002-023: elapsed=120s, phase=Player invocation, files_changed=1, last_tool=Bash
[2026-04-25T16:21:51] SNAPSHOT TASK-J002-023: elapsed=180s, phase=Player invocation, files_changed=1, last_tool=Read
[2026-04-25T16:22:51] SNAPSHOT TASK-J002-023: elapsed=240s, phase=Player invocation, files_changed=1, last_tool=Read
[2026-04-25T16:23:51] SNAPSHOT TASK-J002-023: elapsed=300s, phase=Player invocation, files_changed=2, last_tool=Edit
[2026-04-25T16:24:51] SNAPSHOT TASK-J002-023: elapsed=360s, phase=Player invocation, files_changed=2, last_tool=Read
[2026-04-25T16:25:51] SNAPSHOT TASK-J002-023: elapsed=420s, phase=Player invocation, files_changed=3, last_tool=Bash
[2026-04-25T16:26:51] SNAPSHOT TASK-J002-023: elapsed=480s, phase=Player invocation, files_changed=4, last_tool=Write
[2026-04-25T16:27:06] COMPLETE TASK-J002-023: elapsed=499s, decision=approved, snapshots=8
