[2026-04-24T12:30:15] START TASK-J002-010: Player invocation
[2026-04-24T12:31:15] SNAPSHOT TASK-J002-010: elapsed=60s, phase=Player invocation, files_changed=0, last_tool=Bash
[2026-04-24T12:32:15] SNAPSHOT TASK-J002-010: elapsed=120s, phase=Player invocation, files_changed=0, last_tool=Read
[2026-04-24T12:33:15] SNAPSHOT TASK-J002-010: elapsed=180s, phase=Player invocation, files_changed=1, last_tool=Bash
[2026-04-24T12:34:15] SNAPSHOT TASK-J002-010: elapsed=240s, phase=Player invocation, files_changed=4, last_tool=Read
[2026-04-24T12:35:15] SNAPSHOT TASK-J002-010: elapsed=300s, phase=Player invocation, files_changed=6, last_tool=Read
[2026-04-24T12:36:15] SNAPSHOT TASK-J002-010: elapsed=360s, phase=Player invocation, files_changed=7, last_tool=Read
[2026-04-24T12:37:15] SNAPSHOT TASK-J002-010: elapsed=420s, phase=Player invocation, files_changed=11, last_tool=Read
[2026-04-24T12:38:15] SNAPSHOT TASK-J002-010: elapsed=480s, phase=Player invocation, files_changed=11, last_tool=Read
[2026-04-24T12:39:15] SNAPSHOT TASK-J002-010: elapsed=540s, phase=Player invocation, files_changed=12, last_tool=Bash
[2026-04-24T12:40:15] SNAPSHOT TASK-J002-010: elapsed=600s, phase=Player invocation, files_changed=13, last_tool=Bash
[2026-04-24T12:40:53] COMPLETE TASK-J002-010: elapsed=642s, decision=approved, snapshots=10
[2026-04-24T18:35:35] START TASK-J002-010: Player invocation
[2026-04-24T18:36:35] SNAPSHOT TASK-J002-010: elapsed=60s, phase=Player invocation, files_changed=0, last_tool=Read
[2026-04-24T18:37:35] SNAPSHOT TASK-J002-010: elapsed=120s, phase=Player invocation, files_changed=1, last_tool=Write
[2026-04-24T18:38:35] SNAPSHOT TASK-J002-010: elapsed=180s, phase=Player invocation, files_changed=3, last_tool=Bash
[2026-04-24T18:39:35] SNAPSHOT TASK-J002-010: elapsed=240s, phase=Player invocation, files_changed=3, last_tool=Bash
[2026-04-24T18:40:08] COMPLETE TASK-J002-010: elapsed=275s, decision=approved, snapshots=4
[2026-04-24T20:51:48] START TASK-J002-010: Player invocation
[2026-04-24T20:52:48] SNAPSHOT TASK-J002-010: elapsed=60s, phase=Player invocation, files_changed=0, last_tool=Read
[2026-04-24T20:53:48] SNAPSHOT TASK-J002-010: elapsed=120s, phase=Player invocation, files_changed=0, last_tool=Bash
[2026-04-24T20:54:48] SNAPSHOT TASK-J002-010: elapsed=180s, phase=Player invocation, files_changed=1, last_tool=Write
[2026-04-24T20:55:48] SNAPSHOT TASK-J002-010: elapsed=240s, phase=Player invocation, files_changed=2, last_tool=Bash
[2026-04-24T20:56:48] SNAPSHOT TASK-J002-010: elapsed=300s, phase=Player invocation, files_changed=4, last_tool=Bash
[2026-04-24T20:57:48] SNAPSHOT TASK-J002-010: elapsed=360s, phase=Player invocation, files_changed=5, last_tool=Bash
[2026-04-24T20:58:05] COMPLETE TASK-J002-010: elapsed=381s, decision=approved, snapshots=6
[2026-04-25T16:27:12] START TASK-J002-010: Player invocation
[2026-04-25T16:28:12] SNAPSHOT TASK-J002-010: elapsed=60s, phase=Player invocation, files_changed=0, last_tool=Bash
[2026-04-25T16:29:12] SNAPSHOT TASK-J002-010: elapsed=120s, phase=Player invocation, files_changed=0, last_tool=Bash
[2026-04-25T16:30:12] SNAPSHOT TASK-J002-010: elapsed=180s, phase=Player invocation, files_changed=0, last_tool=Read
[2026-04-25T16:31:12] SNAPSHOT TASK-J002-010: elapsed=240s, phase=Player invocation, files_changed=0, last_tool=Read
[2026-04-25T16:32:12] SNAPSHOT TASK-J002-010: elapsed=300s, phase=Player invocation, files_changed=3, last_tool=Edit
[2026-04-25T16:33:12] SNAPSHOT TASK-J002-010: elapsed=360s, phase=Player invocation, files_changed=5, last_tool=Bash
[2026-04-25T16:34:12] SNAPSHOT TASK-J002-010: elapsed=420s, phase=Player invocation, files_changed=8, last_tool=Edit
[2026-04-25T16:35:12] SNAPSHOT TASK-J002-010: elapsed=480s, phase=Player invocation, files_changed=10, last_tool=Read
[2026-04-25T16:36:12] SNAPSHOT TASK-J002-010: elapsed=540s, phase=Player invocation, files_changed=12, last_tool=Edit
[2026-04-25T16:37:12] SNAPSHOT TASK-J002-010: elapsed=600s, phase=Player invocation, files_changed=13, last_tool=Read
[2026-04-25T16:38:12] SNAPSHOT TASK-J002-010: elapsed=660s, phase=Player invocation, files_changed=14, last_tool=Bash
[2026-04-25T16:39:12] SNAPSHOT TASK-J002-010: elapsed=720s, phase=Player invocation, files_changed=14, last_tool=Bash
[2026-04-25T16:39:42] COMPLETE TASK-J002-010: elapsed=754s, decision=approved, snapshots=12
